This file contains any messages produced by compilers while
running configure, to aid debugging if configure makes a mistake.

It was created by pavuk configure 0.9.35, which was
generated by GNU Autoconf 2.60.  Invocation command line was

  $ ./configure --host=arm-greenwave-linux-gnueabihf --target=arm-greenwave-linux-gnueabihf --prefix= --disable-gtk --disable-gtk2 --disable-gnome --disable-nls

## --------- ##
## Platform. ##
## --------- ##

hostname = jenkins-node-01
uname -m = x86_64
uname -r = 3.19.0-25-generic
uname -s = Linux
uname -v = #26~14.04.1-Ubuntu SMP Fri Jul 24 21:16:20 UTC 2015

/usr/bin/uname -p = unknown
/bin/uname -X     = unknown

/bin/arch              = unknown
/usr/bin/arch -k       = unknown
/usr/convex/getsysinfo = unknown
/usr/bin/hostinfo      = unknown
/bin/machine           = unknown
/usr/bin/oslevel       = unknown
/bin/universe          = unknown

PATH: /home/jenkins/workspace/48c2527c/output/toolchains/arm-cortex-a9_linaro-gcc47/ccache
PATH: /home/jenkins/workspace/48c2527c/output/toolchains/arm-cortex-a9_linaro-gcc47/bin
PATH: /home/jenkins/workspace/48c2527c/output/toolchains/arm-cortex-a9_linaro-gcc47/ccache
PATH: /home/jenkins/workspace/48c2527c/output/toolchains/arm-cortex-a9_linaro-gcc47/bin
PATH: /home/jenkins/workspace/48c2527c/output/toolchains/arm-cortex-a9_linaro-gcc47/ccache
PATH: /home/jenkins/workspace/48c2527c/output/toolchains/arm-cortex-a9_linaro-gcc47/bin
PATH: /home/jenkins/workspace/48c2527c/output/bhr4/host_tools/bin
PATH: /home/jenkins/workspace/48c2527c/tools/bin
PATH: /usr/local/sbin
PATH: /usr/local/bin
PATH: /usr/sbin
PATH: /usr/bin
PATH: /sbin
PATH: /bin
PATH: /usr/games
PATH: /usr/local/games
PATH: /usr/lib/llvm-3.7/bin


## ----------- ##
## Core tests. ##
## ----------- ##

configure:1849: checking for a BSD-compatible install
configure:1905: result: /usr/bin/install -c
configure:1916: checking whether build environment is sane
configure:1959: result: yes
configure:2024: checking for gawk
configure:2040: found /usr/bin/gawk
configure:2051: result: gawk
configure:2062: checking whether make sets $(MAKE)
configure:2083: result: yes
configure:2159: checking for arm-greenwave-linux-gnueabihf-strip
configure:2175: found /home/jenkins/workspace/48c2527c/output/toolchains/arm-cortex-a9_linaro-gcc47/bin/arm-greenwave-linux-gnueabihf-strip
configure:2186: result: arm-greenwave-linux-gnueabihf-strip
configure:2305: checking for arm-greenwave-linux-gnueabihf-gcc
configure:2332: result: arm-greenwave-linux-gnueabihf-gcc
configure:2610: checking for C compiler version
configure:2617: arm-greenwave-linux-gnueabihf-gcc --version >&5
arm-greenwave-linux-gnueabihf-gcc (crosstool-NG 1.19.0 - Linaro gcc 4.7-2013.12) 4.7.4 20131207 (prerelease)
Copyright (C) 2012 Free Software Foundation, Inc.
This is free software; see the source for copying conditions.  There is NO
warranty; not even for MERCHANTABILITY or FITNESS FOR A PARTICULAR PURPOSE.

configure:2620: $? = 0
configure:2627: arm-greenwave-linux-gnueabihf-gcc -v >&5
Using built-in specs.
COLLECT_GCC=arm-greenwave-linux-gnueabihf-gcc
COLLECT_LTO_WRAPPER=/home/jenkins/workspace/48c2527c/output/toolchains/arm-cortex-a9_linaro-gcc47/libexec/gcc/arm-greenwave-linux-gnueabihf/4.7.4/lto-wrapper
Target: arm-greenwave-linux-gnueabihf
Configured with: /home/jenkins/workspace/48c2527c/output/toolchains/build/arm-cortex-a9_linaro-gcc47/crosstool-ng-1.19.0/targets/src/gcc-linaro-4.7-2013.12/configure --build=x86_64-build_unknown-linux-gnu --host=x86_64-build_unknown-linux-gnu --target=arm-greenwave-linux-gnueabihf --prefix=/home/jenkins/workspace/48c2527c/output/toolchains/arm-cortex-a9_linaro-gcc47 --with-sysroot=/home/jenkins/workspace/48c2527c/output/toolchains/arm-cortex-a9_linaro-gcc47/arm-greenwave-linux-gnueabihf/sysroot --enable-languages=c,c++ --with-arch=armv7-a --with-cpu=cortex-a9 --with-tune=cortex-a9 --with-fpu=vfpv3-d16 --with-float=hard --with-pkgversion='crosstool-NG 1.19.0 - Linaro gcc 4.7-2013.12' --with-bugurl=kongen@greenwavereality.com --disable-sjlj-exceptions --enable-__cxa_atexit --disable-libmudflap --disable-libgomp --disable-libssp --disable-libquadmath --disable-libquadmath-support --with-gmp=/home/jenkins/workspace/48c2527c/output/toolchains/build/arm-cortex-a9_linaro-gcc47/crosstool-ng-1.19.0/targets/arm-greenwave-linux-gnueabihf/buildtools --with-mpfr=/home/jenkins/workspace/48c2527c/output/toolchains/build/arm-cortex-a9_linaro-gcc47/crosstool-ng-1.19.0/targets/arm-greenwave-linux-gnueabihf/buildtools --with-mpc=/home/jenkins/workspace/48c2527c/output/toolchains/build/arm-cortex-a9_linaro-gcc47/crosstool-ng-1.19.0/targets/arm-greenwave-linux-gnueabihf/buildtools --with-ppl=no --with-isl=no --with-cloog=no --with-libelf=no --enable-threads=posix --enable-target-optspace --with-long-double-128 --enable-linker-build-id --with-linker-hash-style=gnu --enable-plugin --enable-gold --disable-nls --disable-multilib --with-local-prefix=/home/jenkins/workspace/48c2527c/output/toolchains/arm-cortex-a9_linaro-gcc47/arm-greenwave-linux-gnueabihf/sysroot --enable-c99 --enable-long-long --with-mode=thumb
Thread model: posix
gcc version 4.7.4 20131207 (prerelease) (crosstool-NG 1.19.0 - Linaro gcc 4.7-2013.12) 
configure:2630: $? = 0
configure:2637: arm-greenwave-linux-gnueabihf-gcc -V >&5
arm-greenwave-linux-gnueabihf-gcc: error: unrecognized command line option '-V'
arm-greenwave-linux-gnueabihf-gcc: fatal error: no input files
compilation terminated.
configure:2640: $? = 1
configure:2663: checking for C compiler default output file name
configure:2690: arm-greenwave-linux-gnueabihf-gcc -Os -ffunction-sections -fdata-sections -g   -I/home/jenkins/workspace/48c2527c/output/bhr4/include -isystem /home/jenkins/workspace/48c2527c/output/bhr4/thirdparty-include -march=armv7-a -mcpu=cortex-a9 -mtune=cortex-a9 -mfpu=vfpv3-d16 -mfloat-abi=hard    -g -L/home/jenkins/workspace/48c2527c/output/bhr4/lib -Wl,-O1 -Wl,--as-needed -Wl,--gc-sections   conftest.c -Wl,-rpath-link=/home/jenkins/workspace/48c2527c/output/bhr4/lib -Wl,-L/home/jenkins/workspace/48c2527c/output/bhr4/lib  >&5
configure:2693: $? = 0
configure:2739: result: a.out
configure:2744: checking whether the C compiler works
configure:2754: ./a.out
./configure: line 2755: ./a.out: cannot execute binary file: Exec format error
configure:2757: $? = 126
configure:2774: result: yes
configure:2781: checking whether we are cross compiling
configure:2783: result: yes
configure:2786: checking for suffix of executables
configure:2793: arm-greenwave-linux-gnueabihf-gcc -o conftest -Os -ffunction-sections -fdata-sections -g   -I/home/jenkins/workspace/48c2527c/output/bhr4/include -isystem /home/jenkins/workspace/48c2527c/output/bhr4/thirdparty-include -march=armv7-a -mcpu=cortex-a9 -mtune=cortex-a9 -mfpu=vfpv3-d16 -mfloat-abi=hard    -g -L/home/jenkins/workspace/48c2527c/output/bhr4/lib -Wl,-O1 -Wl,--as-needed -Wl,--gc-sections   conftest.c -Wl,-rpath-link=/home/jenkins/workspace/48c2527c/output/bhr4/lib -Wl,-L/home/jenkins/workspace/48c2527c/output/bhr4/lib  >&5
configure:2796: $? = 0
configure:2820: result: 
configure:2826: checking for suffix of object files
configure:2852: arm-greenwave-linux-gnueabihf-gcc -c -Os -ffunction-sections -fdata-sections -g   -I/home/jenkins/workspace/48c2527c/output/bhr4/include -isystem /home/jenkins/workspace/48c2527c/output/bhr4/thirdparty-include -march=armv7-a -mcpu=cortex-a9 -mtune=cortex-a9 -mfpu=vfpv3-d16 -mfloat-abi=hard    -g conftest.c >&5
configure:2855: $? = 0
configure:2878: result: o
configure:2882: checking whether we are using the GNU C compiler
configure:2911: arm-greenwave-linux-gnueabihf-gcc -c -Os -ffunction-sections -fdata-sections -g   -I/home/jenkins/workspace/48c2527c/output/bhr4/include -isystem /home/jenkins/workspace/48c2527c/output/bhr4/thirdparty-include -march=armv7-a -mcpu=cortex-a9 -mtune=cortex-a9 -mfpu=vfpv3-d16 -mfloat-abi=hard    -g conftest.c >&5
configure:2917: $? = 0
configure:2924: test -z "$ac_c_werror_flag" || test ! -s conftest.err
configure:2927: $? = 0
configure:2934: test -s conftest.o
configure:2937: $? = 0
configure:2951: result: yes
configure:2956: checking whether arm-greenwave-linux-gnueabihf-gcc accepts -g
configure:2986: arm-greenwave-linux-gnueabihf-gcc -c -g -g conftest.c >&5
configure:2992: $? = 0
configure:2999: test -z "$ac_c_werror_flag" || test ! -s conftest.err
configure:3002: $? = 0
configure:3009: test -s conftest.o
configure:3012: $? = 0
configure:3142: result: yes
configure:3159: checking for arm-greenwave-linux-gnueabihf-gcc option to accept ISO C89
configure:3233: arm-greenwave-linux-gnueabihf-gcc  -c -Os -ffunction-sections -fdata-sections -g   -I/home/jenkins/workspace/48c2527c/output/bhr4/include -isystem /home/jenkins/workspace/48c2527c/output/bhr4/thirdparty-include -march=armv7-a -mcpu=cortex-a9 -mtune=cortex-a9 -mfpu=vfpv3-d16 -mfloat-abi=hard    -g conftest.c >&5
configure:3239: $? = 0
configure:3246: test -z "$ac_c_werror_flag" || test ! -s conftest.err
configure:3249: $? = 0
configure:3256: test -s conftest.o
configure:3259: $? = 0
configure:3279: result: none needed
configure:3308: checking for style of include used by make
configure:3336: result: GNU
configure:3364: checking dependency style of arm-greenwave-linux-gnueabihf-gcc
configure:3454: result: gcc3
configure:3484: checking for a BSD-compatible install
configure:3540: result: /usr/bin/install -c
configure:3551: checking whether make sets $(MAKE)
configure:3572: result: yes
configure:3584: checking for arm-greenwave-linux-gnueabihf-ranlib
configure:3600: found /home/jenkins/workspace/48c2527c/output/toolchains/arm-cortex-a9_linaro-gcc47/bin/arm-greenwave-linux-gnueabihf-ranlib
configure:3611: result: arm-greenwave-linux-gnueabihf-ranlib
configure:3684: checking build system type
configure:3702: result: x86_64-unknown-linux-gnu
configure:3724: checking host system type
configure:3739: result: arm-greenwave-linux-gnueabihf
configure:3804: checking whether using broken Apple precompiler
configure:3809: error: cannot run test program while cross compiling
See `config.log' for more details.
configure:3873: checking for at
configure:3891: found /usr/bin/at
configure:3904: result: /usr/bin/at
configure:3914: checking for gzip
configure:3932: found /bin/gzip
configure:3945: result: /bin/gzip
configure:3958: checking how to run the C preprocessor
configure:3998: arm-greenwave-linux-gnueabihf-gcc -E -g conftest.c
configure:4004: $? = 0
configure:4042: arm-greenwave-linux-gnueabihf-gcc -E -g conftest.c
conftest.c:13:28: fatal error: ac_nonexistent.h: No such file or directory
compilation terminated.
configure:4048: $? = 1
configure: failed program was:
| /* confdefs.h.  */
| #define PACKAGE_NAME "pavuk"
| #define PACKAGE_TARNAME "pavuk"
| #define PACKAGE_VERSION "0.9.35"
| #define PACKAGE_STRING "pavuk 0.9.35"
| #define PACKAGE_BUGREPORT ""
| #define PACKAGE "pavuk"
| #define VERSION "0.9.35"
| #define REVISION "2016-12-02T00:38"
| #define DEBUG 1
| #define HOSTTYPE "linux-gnueabihf"
| /* end confdefs.h.  */
| #include <ac_nonexistent.h>
configure:4088: result: arm-greenwave-linux-gnueabihf-gcc -E
configure:4117: arm-greenwave-linux-gnueabihf-gcc -E -g conftest.c
configure:4123: $? = 0
configure:4161: arm-greenwave-linux-gnueabihf-gcc -E -g conftest.c
conftest.c:13:28: fatal error: ac_nonexistent.h: No such file or directory
compilation terminated.
configure:4167: $? = 1
configure: failed program was:
| /* confdefs.h.  */
| #define PACKAGE_NAME "pavuk"
| #define PACKAGE_TARNAME "pavuk"
| #define PACKAGE_VERSION "0.9.35"
| #define PACKAGE_STRING "pavuk 0.9.35"
| #define PACKAGE_BUGREPORT ""
| #define PACKAGE "pavuk"
| #define VERSION "0.9.35"
| #define REVISION "2016-12-02T00:38"
| #define DEBUG 1
| #define HOSTTYPE "linux-gnueabihf"
| /* end confdefs.h.  */
| #include <ac_nonexistent.h>
configure:4212: checking for grep that handles long lines and -e
configure:4286: result: /bin/grep
configure:4291: checking for egrep
configure:4369: result: /bin/grep -E
configure:4374: checking for ANSI C header files
configure:4404: arm-greenwave-linux-gnueabihf-gcc -c -Os -ffunction-sections -fdata-sections -g   -I/home/jenkins/workspace/48c2527c/output/bhr4/include -isystem /home/jenkins/workspace/48c2527c/output/bhr4/thirdparty-include -march=armv7-a -mcpu=cortex-a9 -mtune=cortex-a9 -mfpu=vfpv3-d16 -mfloat-abi=hard    -g conftest.c >&5
configure:4410: $? = 0
configure:4417: test -z "$ac_c_werror_flag" || test ! -s conftest.err
configure:4420: $? = 0
configure:4427: test -s conftest.o
configure:4430: $? = 0
configure:4555: result: yes
configure:4565: checking for X
configure:4680: arm-greenwave-linux-gnueabihf-gcc -E -g conftest.c
conftest.c:14:22: fatal error: X11/Xlib.h: No such file or directory
compilation terminated.
configure:4686: $? = 1
configure: failed program was:
| /* confdefs.h.  */
| #define PACKAGE_NAME "pavuk"
| #define PACKAGE_TARNAME "pavuk"
| #define PACKAGE_VERSION "0.9.35"
| #define PACKAGE_STRING "pavuk 0.9.35"
| #define PACKAGE_BUGREPORT ""
| #define PACKAGE "pavuk"
| #define VERSION "0.9.35"
| #define REVISION "2016-12-02T00:38"
| #define DEBUG 1
| #define HOSTTYPE "linux-gnueabihf"
| #define STDC_HEADERS 1
| /* end confdefs.h.  */
| #include <X11/Xlib.h>
configure:4742: arm-greenwave-linux-gnueabihf-gcc -o conftest -Os -ffunction-sections -fdata-sections -g   -I/home/jenkins/workspace/48c2527c/output/bhr4/include -isystem /home/jenkins/workspace/48c2527c/output/bhr4/thirdparty-include -march=armv7-a -mcpu=cortex-a9 -mtune=cortex-a9 -mfpu=vfpv3-d16 -mfloat-abi=hard    -g -L/home/jenkins/workspace/48c2527c/output/bhr4/lib -Wl,-O1 -Wl,--as-needed -Wl,--gc-sections   conftest.c -lXt -Wl,-rpath-link=/home/jenkins/workspace/48c2527c/output/bhr4/lib -Wl,-L/home/jenkins/workspace/48c2527c/output/bhr4/lib  >&5
conftest.c:14:22: fatal error: X11/Xlib.h: No such file or directory
compilation terminated.
configure:4748: $? = 1
configure: failed program was:
| /* confdefs.h.  */
| #define PACKAGE_NAME "pavuk"
| #define PACKAGE_TARNAME "pavuk"
| #define PACKAGE_VERSION "0.9.35"
| #define PACKAGE_STRING "pavuk 0.9.35"
| #define PACKAGE_BUGREPORT ""
| #define PACKAGE "pavuk"
| #define VERSION "0.9.35"
| #define REVISION "2016-12-02T00:38"
| #define DEBUG 1
| #define HOSTTYPE "linux-gnueabihf"
| #define STDC_HEADERS 1
| /* end confdefs.h.  */
| #include <X11/Xlib.h>
| int
| main ()
| {
| XrmInitialize ()
|   ;
|   return 0;
| }
configure:4812: result: no
configure:6153: checking for long file names
configure:6185: result: yes
configure:6209: checking for sys/types.h
configure:6230: arm-greenwave-linux-gnueabihf-gcc -c -Os -ffunction-sections -fdata-sections -g   -I/home/jenkins/workspace/48c2527c/output/bhr4/include -isystem /home/jenkins/workspace/48c2527c/output/bhr4/thirdparty-include -march=armv7-a -mcpu=cortex-a9 -mtune=cortex-a9 -mfpu=vfpv3-d16 -mfloat-abi=hard    -g conftest.c >&5
configure:6236: $? = 0
configure:6243: test -z "$ac_c_werror_flag" || test ! -s conftest.err
configure:6246: $? = 0
configure:6253: test -s conftest.o
configure:6256: $? = 0
configure:6269: result: yes
configure:6209: checking for sys/stat.h
configure:6230: arm-greenwave-linux-gnueabihf-gcc -c -Os -ffunction-sections -fdata-sections -g   -I/home/jenkins/workspace/48c2527c/output/bhr4/include -isystem /home/jenkins/workspace/48c2527c/output/bhr4/thirdparty-include -march=armv7-a -mcpu=cortex-a9 -mtune=cortex-a9 -mfpu=vfpv3-d16 -mfloat-abi=hard    -g conftest.c >&5
configure:6236: $? = 0
configure:6243: test -z "$ac_c_werror_flag" || test ! -s conftest.err
configure:6246: $? = 0
configure:6253: test -s conftest.o
configure:6256: $? = 0
configure:6269: result: yes
configure:6209: checking for stdlib.h
configure:6230: arm-greenwave-linux-gnueabihf-gcc -c -Os -ffunction-sections -fdata-sections -g   -I/home/jenkins/workspace/48c2527c/output/bhr4/include -isystem /home/jenkins/workspace/48c2527c/output/bhr4/thirdparty-include -march=armv7-a -mcpu=cortex-a9 -mtune=cortex-a9 -mfpu=vfpv3-d16 -mfloat-abi=hard    -g conftest.c >&5
configure:6236: $? = 0
configure:6243: test -z "$ac_c_werror_flag" || test ! -s conftest.err
configure:6246: $? = 0
configure:6253: test -s conftest.o
configure:6256: $? = 0
configure:6269: result: yes
configure:6209: checking for string.h
configure:6230: arm-greenwave-linux-gnueabihf-gcc -c -Os -ffunction-sections -fdata-sections -g   -I/home/jenkins/workspace/48c2527c/output/bhr4/include -isystem /home/jenkins/workspace/48c2527c/output/bhr4/thirdparty-include -march=armv7-a -mcpu=cortex-a9 -mtune=cortex-a9 -mfpu=vfpv3-d16 -mfloat-abi=hard    -g conftest.c >&5
configure:6236: $? = 0
configure:6243: test -z "$ac_c_werror_flag" || test ! -s conftest.err
configure:6246: $? = 0
configure:6253: test -s conftest.o
configure:6256: $? = 0
configure:6269: result: yes
configure:6209: checking for memory.h
configure:6230: arm-greenwave-linux-gnueabihf-gcc -c -Os -ffunction-sections -fdata-sections -g   -I/home/jenkins/workspace/48c2527c/output/bhr4/include -isystem /home/jenkins/workspace/48c2527c/output/bhr4/thirdparty-include -march=armv7-a -mcpu=cortex-a9 -mtune=cortex-a9 -mfpu=vfpv3-d16 -mfloat-abi=hard    -g conftest.c >&5
configure:6236: $? = 0
configure:6243: test -z "$ac_c_werror_flag" || test ! -s conftest.err
configure:6246: $? = 0
configure:6253: test -s conftest.o
configure:6256: $? = 0
configure:6269: result: yes
configure:6209: checking for strings.h
configure:6230: arm-greenwave-linux-gnueabihf-gcc -c -Os -ffunction-sections -fdata-sections -g   -I/home/jenkins/workspace/48c2527c/output/bhr4/include -isystem /home/jenkins/workspace/48c2527c/output/bhr4/thirdparty-include -march=armv7-a -mcpu=cortex-a9 -mtune=cortex-a9 -mfpu=vfpv3-d16 -mfloat-abi=hard    -g conftest.c >&5
configure:6236: $? = 0
configure:6243: test -z "$ac_c_werror_flag" || test ! -s conftest.err
configure:6246: $? = 0
configure:6253: test -s conftest.o
configure:6256: $? = 0
configure:6269: result: yes
configure:6209: checking for inttypes.h
configure:6230: arm-greenwave-linux-gnueabihf-gcc -c -Os -ffunction-sections -fdata-sections -g   -I/home/jenkins/workspace/48c2527c/output/bhr4/include -isystem /home/jenkins/workspace/48c2527c/output/bhr4/thirdparty-include -march=armv7-a -mcpu=cortex-a9 -mtune=cortex-a9 -mfpu=vfpv3-d16 -mfloat-abi=hard    -g conftest.c >&5
configure:6236: $? = 0
configure:6243: test -z "$ac_c_werror_flag" || test ! -s conftest.err
configure:6246: $? = 0
configure:6253: test -s conftest.o
configure:6256: $? = 0
configure:6269: result: yes
configure:6209: checking for stdint.h
configure:6230: arm-greenwave-linux-gnueabihf-gcc -c -Os -ffunction-sections -fdata-sections -g   -I/home/jenkins/workspace/48c2527c/output/bhr4/include -isystem /home/jenkins/workspace/48c2527c/output/bhr4/thirdparty-include -march=armv7-a -mcpu=cortex-a9 -mtune=cortex-a9 -mfpu=vfpv3-d16 -mfloat-abi=hard    -g conftest.c >&5
configure:6236: $? = 0
configure:6243: test -z "$ac_c_werror_flag" || test ! -s conftest.err
configure:6246: $? = 0
configure:6253: test -s conftest.o
configure:6256: $? = 0
configure:6269: result: yes
configure:6209: checking for unistd.h
configure:6230: arm-greenwave-linux-gnueabihf-gcc -c -Os -ffunction-sections -fdata-sections -g   -I/home/jenkins/workspace/48c2527c/output/bhr4/include -isystem /home/jenkins/workspace/48c2527c/output/bhr4/thirdparty-include -march=armv7-a -mcpu=cortex-a9 -mtune=cortex-a9 -mfpu=vfpv3-d16 -mfloat-abi=hard    -g conftest.c >&5
configure:6236: $? = 0
configure:6243: test -z "$ac_c_werror_flag" || test ! -s conftest.err
configure:6246: $? = 0
configure:6253: test -s conftest.o
configure:6256: $? = 0
configure:6269: result: yes
configure:6281: checking whether byte ordering is bigendian
configure:6313: arm-greenwave-linux-gnueabihf-gcc -c -Os -ffunction-sections -fdata-sections -g   -I/home/jenkins/workspace/48c2527c/output/bhr4/include -isystem /home/jenkins/workspace/48c2527c/output/bhr4/thirdparty-include -march=armv7-a -mcpu=cortex-a9 -mtune=cortex-a9 -mfpu=vfpv3-d16 -mfloat-abi=hard    -g conftest.c >&5
configure:6319: $? = 0
configure:6326: test -z "$ac_c_werror_flag" || test ! -s conftest.err
configure:6329: $? = 0
configure:6336: test -s conftest.o
configure:6339: $? = 0
configure:6368: arm-greenwave-linux-gnueabihf-gcc -c -Os -ffunction-sections -fdata-sections -g   -I/home/jenkins/workspace/48c2527c/output/bhr4/include -isystem /home/jenkins/workspace/48c2527c/output/bhr4/thirdparty-include -march=armv7-a -mcpu=cortex-a9 -mtune=cortex-a9 -mfpu=vfpv3-d16 -mfloat-abi=hard    -g conftest.c >&5
conftest.c: In function 'main':
conftest.c:32:2: error: unknown type name 'not'
conftest.c:32:10: error: expected '=', ',', ';', 'asm' or '__attribute__' before 'endian'
configure:6374: $? = 1
configure: failed program was:
| /* confdefs.h.  */
| #define PACKAGE_NAME "pavuk"
| #define PACKAGE_TARNAME "pavuk"
| #define PACKAGE_VERSION "0.9.35"
| #define PACKAGE_STRING "pavuk 0.9.35"
| #define PACKAGE_BUGREPORT ""
| #define PACKAGE "pavuk"
| #define VERSION "0.9.35"
| #define REVISION "2016-12-02T00:38"
| #define DEBUG 1
| #define HOSTTYPE "linux-gnueabihf"
| #define STDC_HEADERS 1
| #define X_DISPLAY_MISSING 1
| #define HAVE_LONG_FILE_NAMES 1
| #define HAVE_SYS_TYPES_H 1
| #define HAVE_SYS_STAT_H 1
| #define HAVE_STDLIB_H 1
| #define HAVE_STRING_H 1
| #define HAVE_MEMORY_H 1
| #define HAVE_STRINGS_H 1
| #define HAVE_INTTYPES_H 1
| #define HAVE_STDINT_H 1
| #define HAVE_UNISTD_H 1
| /* end confdefs.h.  */
| #include <sys/types.h>
| #include <sys/param.h>
| 
| int
| main ()
| {
| #if BYTE_ORDER != BIG_ENDIAN
|  not big endian
| #endif
| 
|   ;
|   return 0;
| }
configure:6548: result: no
configure:6591: checking for ssize_t
configure:6621: arm-greenwave-linux-gnueabihf-gcc -c -Os -ffunction-sections -fdata-sections -g   -I/home/jenkins/workspace/48c2527c/output/bhr4/include -isystem /home/jenkins/workspace/48c2527c/output/bhr4/thirdparty-include -march=armv7-a -mcpu=cortex-a9 -mtune=cortex-a9 -mfpu=vfpv3-d16 -mfloat-abi=hard    -Wall -g conftest.c >&5
configure:6627: $? = 0
configure:6634: test -z "$ac_c_werror_flag" || test ! -s conftest.err
configure:6637: $? = 0
configure:6644: test -s conftest.o
configure:6647: $? = 0
configure:6659: result: yes
configure:6672: checking for gethostname in -lnsl
configure:6707: arm-greenwave-linux-gnueabihf-gcc -o conftest -Os -ffunction-sections -fdata-sections -g   -I/home/jenkins/workspace/48c2527c/output/bhr4/include -isystem /home/jenkins/workspace/48c2527c/output/bhr4/thirdparty-include -march=armv7-a -mcpu=cortex-a9 -mtune=cortex-a9 -mfpu=vfpv3-d16 -mfloat-abi=hard    -Wall -g -L/home/jenkins/workspace/48c2527c/output/bhr4/lib -Wl,-O1 -Wl,--as-needed -Wl,--gc-sections   conftest.c -lnsl  -Wl,-rpath-link=/home/jenkins/workspace/48c2527c/output/bhr4/lib -Wl,-L/home/jenkins/workspace/48c2527c/output/bhr4/lib  >&5
configure:6713: $? = 0
configure:6720: test -z "$ac_c_werror_flag" || test ! -s conftest.err
configure:6723: $? = 0
configure:6730: test -s conftest
configure:6733: $? = 0
configure:6747: result: yes
configure:6753: checking for socket in -lsocket
configure:6788: arm-greenwave-linux-gnueabihf-gcc -o conftest -Os -ffunction-sections -fdata-sections -g   -I/home/jenkins/workspace/48c2527c/output/bhr4/include -isystem /home/jenkins/workspace/48c2527c/output/bhr4/thirdparty-include -march=armv7-a -mcpu=cortex-a9 -mtune=cortex-a9 -mfpu=vfpv3-d16 -mfloat-abi=hard    -Wall -g -L/home/jenkins/workspace/48c2527c/output/bhr4/lib -Wl,-O1 -Wl,--as-needed -Wl,--gc-sections   conftest.c -lsocket  -Wl,-rpath-link=/home/jenkins/workspace/48c2527c/output/bhr4/lib -Wl,-L/home/jenkins/workspace/48c2527c/output/bhr4/lib  >&5
/home/jenkins/workspace/48c2527c/output/toolchains/arm-cortex-a9_linaro-gcc47/lib/gcc/arm-greenwave-linux-gnueabihf/4.7.4/../../../../arm-greenwave-linux-gnueabihf/bin/ld.bfd: cannot find -lsocket
collect2: error: ld returned 1 exit status
configure:6794: $? = 1
configure: failed program was:
| /* confdefs.h.  */
| #define PACKAGE_NAME "pavuk"
| #define PACKAGE_TARNAME "pavuk"
| #define PACKAGE_VERSION "0.9.35"
| #define PACKAGE_STRING "pavuk 0.9.35"
| #define PACKAGE_BUGREPORT ""
| #define PACKAGE "pavuk"
| #define VERSION "0.9.35"
| #define REVISION "2016-12-02T00:38"
| #define DEBUG 1
| #define HOSTTYPE "linux-gnueabihf"
| #define STDC_HEADERS 1
| #define X_DISPLAY_MISSING 1
| #define HAVE_LONG_FILE_NAMES 1
| #define HAVE_SYS_TYPES_H 1
| #define HAVE_SYS_STAT_H 1
| #define HAVE_STDLIB_H 1
| #define HAVE_STRING_H 1
| #define HAVE_MEMORY_H 1
| #define HAVE_STRINGS_H 1
| #define HAVE_INTTYPES_H 1
| #define HAVE_STDINT_H 1
| #define HAVE_UNISTD_H 1
| /* end confdefs.h.  */
| 
| /* Override any GCC internal prototype to avoid an error.
|    Use char because int might match the return type of a GCC
|    builtin and then its argument prototype would still apply.  */
| #ifdef __cplusplus
| extern "C"
| #endif
| char socket ();
| int
| main ()
| {
| return socket ();
|   ;
|   return 0;
| }
configure:6828: result: no
configure:6878: checking socks.h usability
configure:6895: arm-greenwave-linux-gnueabihf-gcc -c -Os -ffunction-sections -fdata-sections -g   -I/home/jenkins/workspace/48c2527c/output/bhr4/include -isystem /home/jenkins/workspace/48c2527c/output/bhr4/thirdparty-include -march=armv7-a -mcpu=cortex-a9 -mtune=cortex-a9 -mfpu=vfpv3-d16 -mfloat-abi=hard    -Wall -g conftest.c >&5
conftest.c:58:19: fatal error: socks.h: No such file or directory
compilation terminated.
configure:6901: $? = 1
configure: failed program was:
| /* confdefs.h.  */
| #define PACKAGE_NAME "pavuk"
| #define PACKAGE_TARNAME "pavuk"
| #define PACKAGE_VERSION "0.9.35"
| #define PACKAGE_STRING "pavuk 0.9.35"
| #define PACKAGE_BUGREPORT ""
| #define PACKAGE "pavuk"
| #define VERSION "0.9.35"
| #define REVISION "2016-12-02T00:38"
| #define DEBUG 1
| #define HOSTTYPE "linux-gnueabihf"
| #define STDC_HEADERS 1
| #define X_DISPLAY_MISSING 1
| #define HAVE_LONG_FILE_NAMES 1
| #define HAVE_SYS_TYPES_H 1
| #define HAVE_SYS_STAT_H 1
| #define HAVE_STDLIB_H 1
| #define HAVE_STRING_H 1
| #define HAVE_MEMORY_H 1
| #define HAVE_STRINGS_H 1
| #define HAVE_INTTYPES_H 1
| #define HAVE_STDINT_H 1
| #define HAVE_UNISTD_H 1
| /* end confdefs.h.  */
| #include <stdio.h>
| #if HAVE_SYS_TYPES_H
| # include <sys/types.h>
| #endif
| #if HAVE_SYS_STAT_H
| # include <sys/stat.h>
| #endif
| #if STDC_HEADERS
| # include <stdlib.h>
| # include <stddef.h>
| #else
| # if HAVE_STDLIB_H
| #  include <stdlib.h>
| # endif
| #endif
| #if HAVE_STRING_H
| # if !STDC_HEADERS && HAVE_MEMORY_H
| #  include <memory.h>
| # endif
| # include <string.h>
| #endif
| #if HAVE_STRINGS_H
| # include <strings.h>
| #endif
| #if HAVE_INTTYPES_H
| # include <inttypes.h>
| #endif
| #if HAVE_STDINT_H
| # include <stdint.h>
| #endif
| #if HAVE_UNISTD_H
| # include <unistd.h>
| #endif
| #include <socks.h>
configure:6932: result: no
configure:6936: checking socks.h presence
configure:6951: arm-greenwave-linux-gnueabihf-gcc -E -g conftest.c
conftest.c:25:19: fatal error: socks.h: No such file or directory
compilation terminated.
configure:6957: $? = 1
configure: failed program was:
| /* confdefs.h.  */
| #define PACKAGE_NAME "pavuk"
| #define PACKAGE_TARNAME "pavuk"
| #define PACKAGE_VERSION "0.9.35"
| #define PACKAGE_STRING "pavuk 0.9.35"
| #define PACKAGE_BUGREPORT ""
| #define PACKAGE "pavuk"
| #define VERSION "0.9.35"
| #define REVISION "2016-12-02T00:38"
| #define DEBUG 1
| #define HOSTTYPE "linux-gnueabihf"
| #define STDC_HEADERS 1
| #define X_DISPLAY_MISSING 1
| #define HAVE_LONG_FILE_NAMES 1
| #define HAVE_SYS_TYPES_H 1
| #define HAVE_SYS_STAT_H 1
| #define HAVE_STDLIB_H 1
| #define HAVE_STRING_H 1
| #define HAVE_MEMORY_H 1
| #define HAVE_STRINGS_H 1
| #define HAVE_INTTYPES_H 1
| #define HAVE_STDINT_H 1
| #define HAVE_UNISTD_H 1
| /* end confdefs.h.  */
| #include <socks.h>
configure:6978: result: no
configure:7006: checking for socks.h
configure:7013: result: no
configure:7026: checking for SOCKSinit in -lsocks5
configure:7061: arm-greenwave-linux-gnueabihf-gcc -o conftest -Os -ffunction-sections -fdata-sections -g   -I/home/jenkins/workspace/48c2527c/output/bhr4/include -isystem /home/jenkins/workspace/48c2527c/output/bhr4/thirdparty-include -march=armv7-a -mcpu=cortex-a9 -mtune=cortex-a9 -mfpu=vfpv3-d16 -mfloat-abi=hard    -Wall -g -L/home/jenkins/workspace/48c2527c/output/bhr4/lib -Wl,-O1 -Wl,--as-needed -Wl,--gc-sections   conftest.c -lsocks5  -Wl,-rpath-link=/home/jenkins/workspace/48c2527c/output/bhr4/lib -Wl,-L/home/jenkins/workspace/48c2527c/output/bhr4/lib  >&5
/home/jenkins/workspace/48c2527c/output/toolchains/arm-cortex-a9_linaro-gcc47/lib/gcc/arm-greenwave-linux-gnueabihf/4.7.4/../../../../arm-greenwave-linux-gnueabihf/bin/ld.bfd: cannot find -lsocks5
collect2: error: ld returned 1 exit status
configure:7067: $? = 1
configure: failed program was:
| /* confdefs.h.  */
| #define PACKAGE_NAME "pavuk"
| #define PACKAGE_TARNAME "pavuk"
| #define PACKAGE_VERSION "0.9.35"
| #define PACKAGE_STRING "pavuk 0.9.35"
| #define PACKAGE_BUGREPORT ""
| #define PACKAGE "pavuk"
| #define VERSION "0.9.35"
| #define REVISION "2016-12-02T00:38"
| #define DEBUG 1
| #define HOSTTYPE "linux-gnueabihf"
| #define STDC_HEADERS 1
| #define X_DISPLAY_MISSING 1
| #define HAVE_LONG_FILE_NAMES 1
| #define HAVE_SYS_TYPES_H 1
| #define HAVE_SYS_STAT_H 1
| #define HAVE_STDLIB_H 1
| #define HAVE_STRING_H 1
| #define HAVE_MEMORY_H 1
| #define HAVE_STRINGS_H 1
| #define HAVE_INTTYPES_H 1
| #define HAVE_STDINT_H 1
| #define HAVE_UNISTD_H 1
| /* end confdefs.h.  */
| 
| /* Override any GCC internal prototype to avoid an error.
|    Use char because int might match the return type of a GCC
|    builtin and then its argument prototype would still apply.  */
| #ifdef __cplusplus
| extern "C"
| #endif
| char SOCKSinit ();
| int
| main ()
| {
| return SOCKSinit ();
|   ;
|   return 0;
| }
configure:7101: result: no
configure:7108: checking for Rconnect in -lsocks
configure:7143: arm-greenwave-linux-gnueabihf-gcc -o conftest -Os -ffunction-sections -fdata-sections -g   -I/home/jenkins/workspace/48c2527c/output/bhr4/include -isystem /home/jenkins/workspace/48c2527c/output/bhr4/thirdparty-include -march=armv7-a -mcpu=cortex-a9 -mtune=cortex-a9 -mfpu=vfpv3-d16 -mfloat-abi=hard    -Wall -g -L/home/jenkins/workspace/48c2527c/output/bhr4/lib -Wl,-O1 -Wl,--as-needed -Wl,--gc-sections   conftest.c -lsocks  -Wl,-rpath-link=/home/jenkins/workspace/48c2527c/output/bhr4/lib -Wl,-L/home/jenkins/workspace/48c2527c/output/bhr4/lib  >&5
/home/jenkins/workspace/48c2527c/output/toolchains/arm-cortex-a9_linaro-gcc47/lib/gcc/arm-greenwave-linux-gnueabihf/4.7.4/../../../../arm-greenwave-linux-gnueabihf/bin/ld.bfd: cannot find -lsocks
collect2: error: ld returned 1 exit status
configure:7149: $? = 1
configure: failed program was:
| /* confdefs.h.  */
| #define PACKAGE_NAME "pavuk"
| #define PACKAGE_TARNAME "pavuk"
| #define PACKAGE_VERSION "0.9.35"
| #define PACKAGE_STRING "pavuk 0.9.35"
| #define PACKAGE_BUGREPORT ""
| #define PACKAGE "pavuk"
| #define VERSION "0.9.35"
| #define REVISION "2016-12-02T00:38"
| #define DEBUG 1
| #define HOSTTYPE "linux-gnueabihf"
| #define STDC_HEADERS 1
| #define X_DISPLAY_MISSING 1
| #define HAVE_LONG_FILE_NAMES 1
| #define HAVE_SYS_TYPES_H 1
| #define HAVE_SYS_STAT_H 1
| #define HAVE_STDLIB_H 1
| #define HAVE_STRING_H 1
| #define HAVE_MEMORY_H 1
| #define HAVE_STRINGS_H 1
| #define HAVE_INTTYPES_H 1
| #define HAVE_STDINT_H 1
| #define HAVE_UNISTD_H 1
| /* end confdefs.h.  */
| 
| /* Override any GCC internal prototype to avoid an error.
|    Use char because int might match the return type of a GCC
|    builtin and then its argument prototype would still apply.  */
| #ifdef __cplusplus
| extern "C"
| #endif
| char Rconnect ();
| int
| main ()
| {
| return Rconnect ();
|   ;
|   return 0;
| }
configure:7183: result: no
configure:7776: checking for OpenSSL installation directory
configure:7796: result: unknown
configure:7799: checking for SSLv23_client_method in -lssl
configure:7834: arm-greenwave-linux-gnueabihf-gcc -o conftest -Os -ffunction-sections -fdata-sections -g   -I/home/jenkins/workspace/48c2527c/output/bhr4/include -isystem /home/jenkins/workspace/48c2527c/output/bhr4/thirdparty-include -march=armv7-a -mcpu=cortex-a9 -mtune=cortex-a9 -mfpu=vfpv3-d16 -mfloat-abi=hard    -Wall -g -L/home/jenkins/workspace/48c2527c/output/bhr4/lib -Wl,-O1 -Wl,--as-needed -Wl,--gc-sections   conftest.c -lssl -lcrypto  -lnsl -Wl,-rpath-link=/home/jenkins/workspace/48c2527c/output/bhr4/lib -Wl,-L/home/jenkins/workspace/48c2527c/output/bhr4/lib  >&5
configure:7840: $? = 0
configure:7847: test -z "$ac_c_werror_flag" || test ! -s conftest.err
configure:7850: $? = 0
configure:7857: test -s conftest
configure:7860: $? = 0
configure:7874: result: yes
configure:7881: checking for TLSv1_client_method in -lssl
configure:7916: arm-greenwave-linux-gnueabihf-gcc -o conftest -Os -ffunction-sections -fdata-sections -g   -I/home/jenkins/workspace/48c2527c/output/bhr4/include -isystem /home/jenkins/workspace/48c2527c/output/bhr4/thirdparty-include -march=armv7-a -mcpu=cortex-a9 -mtune=cortex-a9 -mfpu=vfpv3-d16 -mfloat-abi=hard    -Wall -g -L/home/jenkins/workspace/48c2527c/output/bhr4/lib -Wl,-O1 -Wl,--as-needed -Wl,--gc-sections   conftest.c -lssl -lcrypto  -lnsl -Wl,-rpath-link=/home/jenkins/workspace/48c2527c/output/bhr4/lib -Wl,-L/home/jenkins/workspace/48c2527c/output/bhr4/lib  >&5
configure:7922: $? = 0
configure:7929: test -z "$ac_c_werror_flag" || test ! -s conftest.err
configure:7932: $? = 0
configure:7939: test -s conftest
configure:7942: $? = 0
configure:7956: result: yes
configure:7964: checking for RAND_egd in -lcrypto
configure:7999: arm-greenwave-linux-gnueabihf-gcc -o conftest -Os -ffunction-sections -fdata-sections -g   -I/home/jenkins/workspace/48c2527c/output/bhr4/include -isystem /home/jenkins/workspace/48c2527c/output/bhr4/thirdparty-include -march=armv7-a -mcpu=cortex-a9 -mtune=cortex-a9 -mfpu=vfpv3-d16 -mfloat-abi=hard    -Wall -g -L/home/jenkins/workspace/48c2527c/output/bhr4/lib -Wl,-O1 -Wl,--as-needed -Wl,--gc-sections   conftest.c -lcrypto  -Wl,-rpath-link=/home/jenkins/workspace/48c2527c/output/bhr4/lib -Wl,-L/home/jenkins/workspace/48c2527c/output/bhr4/lib  >&5
configure:8005: $? = 0
configure:8012: test -z "$ac_c_werror_flag" || test ! -s conftest.err
configure:8015: $? = 0
configure:8022: test -s conftest
configure:8025: $? = 0
configure:8039: result: yes
configure:8055: checking ssl.h usability
configure:8072: arm-greenwave-linux-gnueabihf-gcc -c -Os -ffunction-sections -fdata-sections -g   -I/home/jenkins/workspace/48c2527c/output/bhr4/include -isystem /home/jenkins/workspace/48c2527c/output/bhr4/thirdparty-include -march=armv7-a -mcpu=cortex-a9 -mtune=cortex-a9 -mfpu=vfpv3-d16 -mfloat-abi=hard    -Wall -g conftest.c >&5
conftest.c:58:17: fatal error: ssl.h: No such file or directory
compilation terminated.
configure:8078: $? = 1
configure: failed program was:
| /* confdefs.h.  */
| #define PACKAGE_NAME "pavuk"
| #define PACKAGE_TARNAME "pavuk"
| #define PACKAGE_VERSION "0.9.35"
| #define PACKAGE_STRING "pavuk 0.9.35"
| #define PACKAGE_BUGREPORT ""
| #define PACKAGE "pavuk"
| #define VERSION "0.9.35"
| #define REVISION "2016-12-02T00:38"
| #define DEBUG 1
| #define HOSTTYPE "linux-gnueabihf"
| #define STDC_HEADERS 1
| #define X_DISPLAY_MISSING 1
| #define HAVE_LONG_FILE_NAMES 1
| #define HAVE_SYS_TYPES_H 1
| #define HAVE_SYS_STAT_H 1
| #define HAVE_STDLIB_H 1
| #define HAVE_STRING_H 1
| #define HAVE_MEMORY_H 1
| #define HAVE_STRINGS_H 1
| #define HAVE_INTTYPES_H 1
| #define HAVE_STDINT_H 1
| #define HAVE_UNISTD_H 1
| /* end confdefs.h.  */
| #include <stdio.h>
| #if HAVE_SYS_TYPES_H
| # include <sys/types.h>
| #endif
| #if HAVE_SYS_STAT_H
| # include <sys/stat.h>
| #endif
| #if STDC_HEADERS
| # include <stdlib.h>
| # include <stddef.h>
| #else
| # if HAVE_STDLIB_H
| #  include <stdlib.h>
| # endif
| #endif
| #if HAVE_STRING_H
| # if !STDC_HEADERS && HAVE_MEMORY_H
| #  include <memory.h>
| # endif
| # include <string.h>
| #endif
| #if HAVE_STRINGS_H
| # include <strings.h>
| #endif
| #if HAVE_INTTYPES_H
| # include <inttypes.h>
| #endif
| #if HAVE_STDINT_H
| # include <stdint.h>
| #endif
| #if HAVE_UNISTD_H
| # include <unistd.h>
| #endif
| #include <ssl.h>
configure:8109: result: no
configure:8113: checking ssl.h presence
configure:8128: arm-greenwave-linux-gnueabihf-gcc -E -g conftest.c
conftest.c:25:17: fatal error: ssl.h: No such file or directory
compilation terminated.
configure:8134: $? = 1
configure: failed program was:
| /* confdefs.h.  */
| #define PACKAGE_NAME "pavuk"
| #define PACKAGE_TARNAME "pavuk"
| #define PACKAGE_VERSION "0.9.35"
| #define PACKAGE_STRING "pavuk 0.9.35"
| #define PACKAGE_BUGREPORT ""
| #define PACKAGE "pavuk"
| #define VERSION "0.9.35"
| #define REVISION "2016-12-02T00:38"
| #define DEBUG 1
| #define HOSTTYPE "linux-gnueabihf"
| #define STDC_HEADERS 1
| #define X_DISPLAY_MISSING 1
| #define HAVE_LONG_FILE_NAMES 1
| #define HAVE_SYS_TYPES_H 1
| #define HAVE_SYS_STAT_H 1
| #define HAVE_STDLIB_H 1
| #define HAVE_STRING_H 1
| #define HAVE_MEMORY_H 1
| #define HAVE_STRINGS_H 1
| #define HAVE_INTTYPES_H 1
| #define HAVE_STDINT_H 1
| #define HAVE_UNISTD_H 1
| /* end confdefs.h.  */
| #include <ssl.h>
configure:8155: result: no
configure:8183: checking for ssl.h
configure:8190: result: no
configure:8211: checking openssl/ssl.h usability
configure:8228: arm-greenwave-linux-gnueabihf-gcc -c -Os -ffunction-sections -fdata-sections -g   -I/home/jenkins/workspace/48c2527c/output/bhr4/include -isystem /home/jenkins/workspace/48c2527c/output/bhr4/thirdparty-include -march=armv7-a -mcpu=cortex-a9 -mtune=cortex-a9 -mfpu=vfpv3-d16 -mfloat-abi=hard    -Wall -g conftest.c >&5
configure:8234: $? = 0
configure:8241: test -z "$ac_c_werror_flag" || test ! -s conftest.err
configure:8244: $? = 0
configure:8251: test -s conftest.o
configure:8254: $? = 0
configure:8265: result: yes
configure:8269: checking openssl/ssl.h presence
configure:8284: arm-greenwave-linux-gnueabihf-gcc -E -g conftest.c
conftest.c:25:25: fatal error: openssl/ssl.h: No such file or directory
compilation terminated.
configure:8290: $? = 1
configure: failed program was:
| /* confdefs.h.  */
| #define PACKAGE_NAME "pavuk"
| #define PACKAGE_TARNAME "pavuk"
| #define PACKAGE_VERSION "0.9.35"
| #define PACKAGE_STRING "pavuk 0.9.35"
| #define PACKAGE_BUGREPORT ""
| #define PACKAGE "pavuk"
| #define VERSION "0.9.35"
| #define REVISION "2016-12-02T00:38"
| #define DEBUG 1
| #define HOSTTYPE "linux-gnueabihf"
| #define STDC_HEADERS 1
| #define X_DISPLAY_MISSING 1
| #define HAVE_LONG_FILE_NAMES 1
| #define HAVE_SYS_TYPES_H 1
| #define HAVE_SYS_STAT_H 1
| #define HAVE_STDLIB_H 1
| #define HAVE_STRING_H 1
| #define HAVE_MEMORY_H 1
| #define HAVE_STRINGS_H 1
| #define HAVE_INTTYPES_H 1
| #define HAVE_STDINT_H 1
| #define HAVE_UNISTD_H 1
| /* end confdefs.h.  */
| #include <openssl/ssl.h>
configure:8311: result: no
configure:8317: WARNING: openssl/ssl.h: accepted by the compiler, rejected by the preprocessor!
configure:8319: WARNING: openssl/ssl.h: proceeding with the compiler's result
configure:8339: checking for openssl/ssl.h
configure:8346: result: yes
configure:8361: checking for SSLeay in -lcrypto
configure:8396: arm-greenwave-linux-gnueabihf-gcc -o conftest -Os -ffunction-sections -fdata-sections -g   -I/home/jenkins/workspace/48c2527c/output/bhr4/include -isystem /home/jenkins/workspace/48c2527c/output/bhr4/thirdparty-include -march=armv7-a -mcpu=cortex-a9 -mtune=cortex-a9 -mfpu=vfpv3-d16 -mfloat-abi=hard    -Wall -g -L/home/jenkins/workspace/48c2527c/output/bhr4/lib -Wl,-O1 -Wl,--as-needed -Wl,--gc-sections   conftest.c -lcrypto  -Wl,-rpath-link=/home/jenkins/workspace/48c2527c/output/bhr4/lib -Wl,-L/home/jenkins/workspace/48c2527c/output/bhr4/lib  >&5
configure:8402: $? = 0
configure:8409: test -z "$ac_c_werror_flag" || test ! -s conftest.err
configure:8412: $? = 0
configure:8419: test -s conftest
configure:8422: $? = 0
configure:8436: result: yes
configure:8881: checking for MD4_Init in -lcrypto
configure:8916: arm-greenwave-linux-gnueabihf-gcc -o conftest -Os -ffunction-sections -fdata-sections -g   -I/home/jenkins/workspace/48c2527c/output/bhr4/include -isystem /home/jenkins/workspace/48c2527c/output/bhr4/thirdparty-include -march=armv7-a -mcpu=cortex-a9 -mtune=cortex-a9 -mfpu=vfpv3-d16 -mfloat-abi=hard    -Wall -g -L/home/jenkins/workspace/48c2527c/output/bhr4/lib -Wl,-O1 -Wl,--as-needed -Wl,--gc-sections   conftest.c -lcrypto  -Wl,-rpath-link=/home/jenkins/workspace/48c2527c/output/bhr4/lib -Wl,-L/home/jenkins/workspace/48c2527c/output/bhr4/lib  >&5
configure:8922: $? = 0
configure:8929: test -z "$ac_c_werror_flag" || test ! -s conftest.err
configure:8932: $? = 0
configure:8939: test -s conftest
configure:8942: $? = 0
configure:8956: result: yes
configure:9901: checking whether NTLM structures are properly aligned
configure:9905: error: cannot run test program while cross compiling
See `config.log' for more details.
configure:11294: checking jsapi.h usability
configure:11311: arm-greenwave-linux-gnueabihf-gcc -c -Os -ffunction-sections -fdata-sections -g   -I/home/jenkins/workspace/48c2527c/output/bhr4/include -isystem /home/jenkins/workspace/48c2527c/output/bhr4/thirdparty-include -march=armv7-a -mcpu=cortex-a9 -mtune=cortex-a9 -mfpu=vfpv3-d16 -mfloat-abi=hard    -Wall -g -DXP_UNIX conftest.c >&5
conftest.c:65:19: fatal error: jsapi.h: No such file or directory
compilation terminated.
configure:11317: $? = 1
configure: failed program was:
| /* confdefs.h.  */
| #define PACKAGE_NAME "pavuk"
| #define PACKAGE_TARNAME "pavuk"
| #define PACKAGE_VERSION "0.9.35"
| #define PACKAGE_STRING "pavuk 0.9.35"
| #define PACKAGE_BUGREPORT ""
| #define PACKAGE "pavuk"
| #define VERSION "0.9.35"
| #define REVISION "2016-12-02T00:38"
| #define DEBUG 1
| #define HOSTTYPE "linux-gnueabihf"
| #define STDC_HEADERS 1
| #define X_DISPLAY_MISSING 1
| #define HAVE_LONG_FILE_NAMES 1
| #define HAVE_SYS_TYPES_H 1
| #define HAVE_SYS_STAT_H 1
| #define HAVE_STDLIB_H 1
| #define HAVE_STRING_H 1
| #define HAVE_MEMORY_H 1
| #define HAVE_STRINGS_H 1
| #define HAVE_INTTYPES_H 1
| #define HAVE_STDINT_H 1
| #define HAVE_UNISTD_H 1
| #define USE_SSL 1
| #define USE_SSL_IMPL_OPENSSL 1
| #define OPENSSL 1
| #define WITH_SSL_TLS1 1
| #define HAVE_RAND_EGD 1
| #define HAVE_OPENSSL_MD4 1
| #define ENABLE_NTLM 1
| /* end confdefs.h.  */
| #include <stdio.h>
| #if HAVE_SYS_TYPES_H
| # include <sys/types.h>
| #endif
| #if HAVE_SYS_STAT_H
| # include <sys/stat.h>
| #endif
| #if STDC_HEADERS
| # include <stdlib.h>
| # include <stddef.h>
| #else
| # if HAVE_STDLIB_H
| #  include <stdlib.h>
| # endif
| #endif
| #if HAVE_STRING_H
| # if !STDC_HEADERS && HAVE_MEMORY_H
| #  include <memory.h>
| # endif
| # include <string.h>
| #endif
| #if HAVE_STRINGS_H
| # include <strings.h>
| #endif
| #if HAVE_INTTYPES_H
| # include <inttypes.h>
| #endif
| #if HAVE_STDINT_H
| # include <stdint.h>
| #endif
| #if HAVE_UNISTD_H
| # include <unistd.h>
| #endif
| #include <jsapi.h>
configure:11348: result: no
configure:11352: checking jsapi.h presence
configure:11367: arm-greenwave-linux-gnueabihf-gcc -E -g -DXP_UNIX conftest.c
conftest.c:32:19: fatal error: jsapi.h: No such file or directory
compilation terminated.
configure:11373: $? = 1
configure: failed program was:
| /* confdefs.h.  */
| #define PACKAGE_NAME "pavuk"
| #define PACKAGE_TARNAME "pavuk"
| #define PACKAGE_VERSION "0.9.35"
| #define PACKAGE_STRING "pavuk 0.9.35"
| #define PACKAGE_BUGREPORT ""
| #define PACKAGE "pavuk"
| #define VERSION "0.9.35"
| #define REVISION "2016-12-02T00:38"
| #define DEBUG 1
| #define HOSTTYPE "linux-gnueabihf"
| #define STDC_HEADERS 1
| #define X_DISPLAY_MISSING 1
| #define HAVE_LONG_FILE_NAMES 1
| #define HAVE_SYS_TYPES_H 1
| #define HAVE_SYS_STAT_H 1
| #define HAVE_STDLIB_H 1
| #define HAVE_STRING_H 1
| #define HAVE_MEMORY_H 1
| #define HAVE_STRINGS_H 1
| #define HAVE_INTTYPES_H 1
| #define HAVE_STDINT_H 1
| #define HAVE_UNISTD_H 1
| #define USE_SSL 1
| #define USE_SSL_IMPL_OPENSSL 1
| #define OPENSSL 1
| #define WITH_SSL_TLS1 1
| #define HAVE_RAND_EGD 1
| #define HAVE_OPENSSL_MD4 1
| #define ENABLE_NTLM 1
| /* end confdefs.h.  */
| #include <jsapi.h>
configure:11394: result: no
configure:11422: checking for jsapi.h
configure:11430: result: no
configure:11663: checking regex.h usability
configure:11680: arm-greenwave-linux-gnueabihf-gcc -c -Os -ffunction-sections -fdata-sections -g   -I/home/jenkins/workspace/48c2527c/output/bhr4/include -isystem /home/jenkins/workspace/48c2527c/output/bhr4/thirdparty-include -march=armv7-a -mcpu=cortex-a9 -mtune=cortex-a9 -mfpu=vfpv3-d16 -mfloat-abi=hard    -Wall -g conftest.c >&5
configure:11686: $? = 0
configure:11693: test -z "$ac_c_werror_flag" || test ! -s conftest.err
configure:11696: $? = 0
configure:11703: test -s conftest.o
configure:11706: $? = 0
configure:11717: result: yes
configure:11721: checking regex.h presence
configure:11736: arm-greenwave-linux-gnueabihf-gcc -E -g conftest.c
configure:11742: $? = 0
configure:11763: result: yes
configure:11791: checking for regex.h
configure:11799: result: yes
configure:11817: checking for regcomp in -lregex
configure:11852: arm-greenwave-linux-gnueabihf-gcc -o conftest -Os -ffunction-sections -fdata-sections -g   -I/home/jenkins/workspace/48c2527c/output/bhr4/include -isystem /home/jenkins/workspace/48c2527c/output/bhr4/thirdparty-include -march=armv7-a -mcpu=cortex-a9 -mtune=cortex-a9 -mfpu=vfpv3-d16 -mfloat-abi=hard    -Wall -g -L/home/jenkins/workspace/48c2527c/output/bhr4/lib -Wl,-O1 -Wl,--as-needed -Wl,--gc-sections   conftest.c -lregex  -Wl,-rpath-link=/home/jenkins/workspace/48c2527c/output/bhr4/lib -Wl,-L/home/jenkins/workspace/48c2527c/output/bhr4/lib  >&5
/home/jenkins/workspace/48c2527c/output/toolchains/arm-cortex-a9_linaro-gcc47/lib/gcc/arm-greenwave-linux-gnueabihf/4.7.4/../../../../arm-greenwave-linux-gnueabihf/bin/ld.bfd: cannot find -lregex
collect2: error: ld returned 1 exit status
configure:11858: $? = 1
configure: failed program was:
| /* confdefs.h.  */
| #define PACKAGE_NAME "pavuk"
| #define PACKAGE_TARNAME "pavuk"
| #define PACKAGE_VERSION "0.9.35"
| #define PACKAGE_STRING "pavuk 0.9.35"
| #define PACKAGE_BUGREPORT ""
| #define PACKAGE "pavuk"
| #define VERSION "0.9.35"
| #define REVISION "2016-12-02T00:38"
| #define DEBUG 1
| #define HOSTTYPE "linux-gnueabihf"
| #define STDC_HEADERS 1
| #define X_DISPLAY_MISSING 1
| #define HAVE_LONG_FILE_NAMES 1
| #define HAVE_SYS_TYPES_H 1
| #define HAVE_SYS_STAT_H 1
| #define HAVE_STDLIB_H 1
| #define HAVE_STRING_H 1
| #define HAVE_MEMORY_H 1
| #define HAVE_STRINGS_H 1
| #define HAVE_INTTYPES_H 1
| #define HAVE_STDINT_H 1
| #define HAVE_UNISTD_H 1
| #define USE_SSL 1
| #define USE_SSL_IMPL_OPENSSL 1
| #define OPENSSL 1
| #define WITH_SSL_TLS1 1
| #define HAVE_RAND_EGD 1
| #define HAVE_OPENSSL_MD4 1
| #define ENABLE_NTLM 1
| #define HAVE_REGEX_H 1
| /* end confdefs.h.  */
| 
| /* Override any GCC internal prototype to avoid an error.
|    Use char because int might match the return type of a GCC
|    builtin and then its argument prototype would still apply.  */
| #ifdef __cplusplus
| extern "C"
| #endif
| char regcomp ();
| int
| main ()
| {
| return regcomp ();
|   ;
|   return 0;
| }
configure:11892: result: no
configure:11916: checking for POSIX regcomp()
configure:11946: arm-greenwave-linux-gnueabihf-gcc -o conftest -Os -ffunction-sections -fdata-sections -g   -I/home/jenkins/workspace/48c2527c/output/bhr4/include -isystem /home/jenkins/workspace/48c2527c/output/bhr4/thirdparty-include -march=armv7-a -mcpu=cortex-a9 -mtune=cortex-a9 -mfpu=vfpv3-d16 -mfloat-abi=hard    -Wall -g -L/home/jenkins/workspace/48c2527c/output/bhr4/lib -Wl,-O1 -Wl,--as-needed -Wl,--gc-sections   conftest.c -Wl,-rpath-link=/home/jenkins/workspace/48c2527c/output/bhr4/lib -Wl,-L/home/jenkins/workspace/48c2527c/output/bhr4/lib  >&5
configure:11952: $? = 0
configure:11959: test -z "$ac_c_werror_flag" || test ! -s conftest.err
configure:11962: $? = 0
configure:11969: test -s conftest
configure:11972: $? = 0
configure:11984: result: yes
configure:12558: checking zlib.h usability
configure:12575: arm-greenwave-linux-gnueabihf-gcc -c -Os -ffunction-sections -fdata-sections -g   -I/home/jenkins/workspace/48c2527c/output/bhr4/include -isystem /home/jenkins/workspace/48c2527c/output/bhr4/thirdparty-include -march=armv7-a -mcpu=cortex-a9 -mtune=cortex-a9 -mfpu=vfpv3-d16 -mfloat-abi=hard    -Wall -g conftest.c >&5
configure:12581: $? = 0
configure:12588: test -z "$ac_c_werror_flag" || test ! -s conftest.err
configure:12591: $? = 0
configure:12598: test -s conftest.o
configure:12601: $? = 0
configure:12612: result: yes
configure:12616: checking zlib.h presence
configure:12631: arm-greenwave-linux-gnueabihf-gcc -E -g conftest.c
conftest.c:35:18: fatal error: zlib.h: No such file or directory
compilation terminated.
configure:12637: $? = 1
configure: failed program was:
| /* confdefs.h.  */
| #define PACKAGE_NAME "pavuk"
| #define PACKAGE_TARNAME "pavuk"
| #define PACKAGE_VERSION "0.9.35"
| #define PACKAGE_STRING "pavuk 0.9.35"
| #define PACKAGE_BUGREPORT ""
| #define PACKAGE "pavuk"
| #define VERSION "0.9.35"
| #define REVISION "2016-12-02T00:38"
| #define DEBUG 1
| #define HOSTTYPE "linux-gnueabihf"
| #define STDC_HEADERS 1
| #define X_DISPLAY_MISSING 1
| #define HAVE_LONG_FILE_NAMES 1
| #define HAVE_SYS_TYPES_H 1
| #define HAVE_SYS_STAT_H 1
| #define HAVE_STDLIB_H 1
| #define HAVE_STRING_H 1
| #define HAVE_MEMORY_H 1
| #define HAVE_STRINGS_H 1
| #define HAVE_INTTYPES_H 1
| #define HAVE_STDINT_H 1
| #define HAVE_UNISTD_H 1
| #define USE_SSL 1
| #define USE_SSL_IMPL_OPENSSL 1
| #define OPENSSL 1
| #define WITH_SSL_TLS1 1
| #define HAVE_RAND_EGD 1
| #define HAVE_OPENSSL_MD4 1
| #define ENABLE_NTLM 1
| #define HAVE_REGEX_H 1
| #define HAVE_REGEX 1
| #define HAVE_POSIX_REGEX 1
| /* end confdefs.h.  */
| #include <zlib.h>
configure:12658: result: no
configure:12664: WARNING: zlib.h: accepted by the compiler, rejected by the preprocessor!
configure:12666: WARNING: zlib.h: proceeding with the compiler's result
configure:12686: checking for zlib.h
configure:12694: result: yes
configure:12702: checking for gzopen in -lz
configure:12737: arm-greenwave-linux-gnueabihf-gcc -o conftest -Os -ffunction-sections -fdata-sections -g   -I/home/jenkins/workspace/48c2527c/output/bhr4/include -isystem /home/jenkins/workspace/48c2527c/output/bhr4/thirdparty-include -march=armv7-a -mcpu=cortex-a9 -mtune=cortex-a9 -mfpu=vfpv3-d16 -mfloat-abi=hard    -Wall -g -L/home/jenkins/workspace/48c2527c/output/bhr4/lib -Wl,-O1 -Wl,--as-needed -Wl,--gc-sections   conftest.c -lz  -Wl,-rpath-link=/home/jenkins/workspace/48c2527c/output/bhr4/lib -Wl,-L/home/jenkins/workspace/48c2527c/output/bhr4/lib  >&5
configure:12743: $? = 0
configure:12750: test -z "$ac_c_werror_flag" || test ! -s conftest.err
configure:12753: $? = 0
configure:12760: test -s conftest
configure:12763: $? = 0
configure:12777: result: yes
configure:12812: checking db1/db.h usability
configure:12829: arm-greenwave-linux-gnueabihf-gcc -c -Os -ffunction-sections -fdata-sections -g   -I/home/jenkins/workspace/48c2527c/output/bhr4/include -isystem /home/jenkins/workspace/48c2527c/output/bhr4/thirdparty-include -march=armv7-a -mcpu=cortex-a9 -mtune=cortex-a9 -mfpu=vfpv3-d16 -mfloat-abi=hard    -Wall -g conftest.c >&5
conftest.c:70:20: fatal error: db1/db.h: No such file or directory
compilation terminated.
configure:12835: $? = 1
configure: failed program was:
| /* confdefs.h.  */
| #define PACKAGE_NAME "pavuk"
| #define PACKAGE_TARNAME "pavuk"
| #define PACKAGE_VERSION "0.9.35"
| #define PACKAGE_STRING "pavuk 0.9.35"
| #define PACKAGE_BUGREPORT ""
| #define PACKAGE "pavuk"
| #define VERSION "0.9.35"
| #define REVISION "2016-12-02T00:38"
| #define DEBUG 1
| #define HOSTTYPE "linux-gnueabihf"
| #define STDC_HEADERS 1
| #define X_DISPLAY_MISSING 1
| #define HAVE_LONG_FILE_NAMES 1
| #define HAVE_SYS_TYPES_H 1
| #define HAVE_SYS_STAT_H 1
| #define HAVE_STDLIB_H 1
| #define HAVE_STRING_H 1
| #define HAVE_MEMORY_H 1
| #define HAVE_STRINGS_H 1
| #define HAVE_INTTYPES_H 1
| #define HAVE_STDINT_H 1
| #define HAVE_UNISTD_H 1
| #define USE_SSL 1
| #define USE_SSL_IMPL_OPENSSL 1
| #define OPENSSL 1
| #define WITH_SSL_TLS1 1
| #define HAVE_RAND_EGD 1
| #define HAVE_OPENSSL_MD4 1
| #define ENABLE_NTLM 1
| #define HAVE_REGEX_H 1
| #define HAVE_REGEX 1
| #define HAVE_POSIX_REGEX 1
| #define HAVE_ZLIB_H 1
| #define HAVE_ZLIB 1
| /* end confdefs.h.  */
| #include <stdio.h>
| #if HAVE_SYS_TYPES_H
| # include <sys/types.h>
| #endif
| #if HAVE_SYS_STAT_H
| # include <sys/stat.h>
| #endif
| #if STDC_HEADERS
| # include <stdlib.h>
| # include <stddef.h>
| #else
| # if HAVE_STDLIB_H
| #  include <stdlib.h>
| # endif
| #endif
| #if HAVE_STRING_H
| # if !STDC_HEADERS && HAVE_MEMORY_H
| #  include <memory.h>
| # endif
| # include <string.h>
| #endif
| #if HAVE_STRINGS_H
| # include <strings.h>
| #endif
| #if HAVE_INTTYPES_H
| # include <inttypes.h>
| #endif
| #if HAVE_STDINT_H
| # include <stdint.h>
| #endif
| #if HAVE_UNISTD_H
| # include <unistd.h>
| #endif
| #include <db1/db.h>
configure:12866: result: no
configure:12870: checking db1/db.h presence
configure:12885: arm-greenwave-linux-gnueabihf-gcc -E -g conftest.c
conftest.c:37:20: fatal error: db1/db.h: No such file or directory
compilation terminated.
configure:12891: $? = 1
configure: failed program was:
| /* confdefs.h.  */
| #define PACKAGE_NAME "pavuk"
| #define PACKAGE_TARNAME "pavuk"
| #define PACKAGE_VERSION "0.9.35"
| #define PACKAGE_STRING "pavuk 0.9.35"
| #define PACKAGE_BUGREPORT ""
| #define PACKAGE "pavuk"
| #define VERSION "0.9.35"
| #define REVISION "2016-12-02T00:38"
| #define DEBUG 1
| #define HOSTTYPE "linux-gnueabihf"
| #define STDC_HEADERS 1
| #define X_DISPLAY_MISSING 1
| #define HAVE_LONG_FILE_NAMES 1
| #define HAVE_SYS_TYPES_H 1
| #define HAVE_SYS_STAT_H 1
| #define HAVE_STDLIB_H 1
| #define HAVE_STRING_H 1
| #define HAVE_MEMORY_H 1
| #define HAVE_STRINGS_H 1
| #define HAVE_INTTYPES_H 1
| #define HAVE_STDINT_H 1
| #define HAVE_UNISTD_H 1
| #define USE_SSL 1
| #define USE_SSL_IMPL_OPENSSL 1
| #define OPENSSL 1
| #define WITH_SSL_TLS1 1
| #define HAVE_RAND_EGD 1
| #define HAVE_OPENSSL_MD4 1
| #define ENABLE_NTLM 1
| #define HAVE_REGEX_H 1
| #define HAVE_REGEX 1
| #define HAVE_POSIX_REGEX 1
| #define HAVE_ZLIB_H 1
| #define HAVE_ZLIB 1
| /* end confdefs.h.  */
| #include <db1/db.h>
configure:12912: result: no
configure:12940: checking for db1/db.h
configure:12947: result: no
configure:12962: checking for txn_begin in db.h
conftest.c:37:16: fatal error: db.h: No such file or directory
compilation terminated.
configure:13637: result: no
configure:14588: checking for inet_pton
configure:14644: arm-greenwave-linux-gnueabihf-gcc -o conftest -Os -ffunction-sections -fdata-sections -g   -I/home/jenkins/workspace/48c2527c/output/bhr4/include -isystem /home/jenkins/workspace/48c2527c/output/bhr4/thirdparty-include -march=armv7-a -mcpu=cortex-a9 -mtune=cortex-a9 -mfpu=vfpv3-d16 -mfloat-abi=hard    -Wall -g -L/home/jenkins/workspace/48c2527c/output/bhr4/lib -Wl,-O1 -Wl,--as-needed -Wl,--gc-sections   conftest.c -Wl,-rpath-link=/home/jenkins/workspace/48c2527c/output/bhr4/lib -Wl,-L/home/jenkins/workspace/48c2527c/output/bhr4/lib  >&5
configure:14650: $? = 0
configure:14657: test -z "$ac_c_werror_flag" || test ! -s conftest.err
configure:14660: $? = 0
configure:14667: test -s conftest
configure:14670: $? = 0
configure:14684: result: yes
configure:14700: checking for inet_ntop
configure:14756: arm-greenwave-linux-gnueabihf-gcc -o conftest -Os -ffunction-sections -fdata-sections -g   -I/home/jenkins/workspace/48c2527c/output/bhr4/include -isystem /home/jenkins/workspace/48c2527c/output/bhr4/thirdparty-include -march=armv7-a -mcpu=cortex-a9 -mtune=cortex-a9 -mfpu=vfpv3-d16 -mfloat-abi=hard    -Wall -g -L/home/jenkins/workspace/48c2527c/output/bhr4/lib -Wl,-O1 -Wl,--as-needed -Wl,--gc-sections   conftest.c -Wl,-rpath-link=/home/jenkins/workspace/48c2527c/output/bhr4/lib -Wl,-L/home/jenkins/workspace/48c2527c/output/bhr4/lib  >&5
configure:14762: $? = 0
configure:14769: test -z "$ac_c_werror_flag" || test ! -s conftest.err
configure:14772: $? = 0
configure:14779: test -s conftest
configure:14782: $? = 0
configure:14796: result: yes
configure:14812: checking for getaddrinfo
configure:14868: arm-greenwave-linux-gnueabihf-gcc -o conftest -Os -ffunction-sections -fdata-sections -g   -I/home/jenkins/workspace/48c2527c/output/bhr4/include -isystem /home/jenkins/workspace/48c2527c/output/bhr4/thirdparty-include -march=armv7-a -mcpu=cortex-a9 -mtune=cortex-a9 -mfpu=vfpv3-d16 -mfloat-abi=hard    -Wall -g -L/home/jenkins/workspace/48c2527c/output/bhr4/lib -Wl,-O1 -Wl,--as-needed -Wl,--gc-sections   conftest.c -Wl,-rpath-link=/home/jenkins/workspace/48c2527c/output/bhr4/lib -Wl,-L/home/jenkins/workspace/48c2527c/output/bhr4/lib  >&5
configure:14874: $? = 0
configure:14881: test -z "$ac_c_werror_flag" || test ! -s conftest.err
configure:14884: $? = 0
configure:14891: test -s conftest
configure:14894: $? = 0
configure:14908: result: yes
configure:14924: checking for freeaddrinfo
configure:14980: arm-greenwave-linux-gnueabihf-gcc -o conftest -Os -ffunction-sections -fdata-sections -g   -I/home/jenkins/workspace/48c2527c/output/bhr4/include -isystem /home/jenkins/workspace/48c2527c/output/bhr4/thirdparty-include -march=armv7-a -mcpu=cortex-a9 -mtune=cortex-a9 -mfpu=vfpv3-d16 -mfloat-abi=hard    -Wall -g -L/home/jenkins/workspace/48c2527c/output/bhr4/lib -Wl,-O1 -Wl,--as-needed -Wl,--gc-sections   conftest.c -Wl,-rpath-link=/home/jenkins/workspace/48c2527c/output/bhr4/lib -Wl,-L/home/jenkins/workspace/48c2527c/output/bhr4/lib  >&5
configure:14986: $? = 0
configure:14993: test -z "$ac_c_werror_flag" || test ! -s conftest.err
configure:14996: $? = 0
configure:15003: test -s conftest
configure:15006: $? = 0
configure:15020: result: yes
configure:15036: checking for gai_strerror
configure:15092: arm-greenwave-linux-gnueabihf-gcc -o conftest -Os -ffunction-sections -fdata-sections -g   -I/home/jenkins/workspace/48c2527c/output/bhr4/include -isystem /home/jenkins/workspace/48c2527c/output/bhr4/thirdparty-include -march=armv7-a -mcpu=cortex-a9 -mtune=cortex-a9 -mfpu=vfpv3-d16 -mfloat-abi=hard    -Wall -g -L/home/jenkins/workspace/48c2527c/output/bhr4/lib -Wl,-O1 -Wl,--as-needed -Wl,--gc-sections   conftest.c -Wl,-rpath-link=/home/jenkins/workspace/48c2527c/output/bhr4/lib -Wl,-L/home/jenkins/workspace/48c2527c/output/bhr4/lib  >&5
configure:15098: $? = 0
configure:15105: test -z "$ac_c_werror_flag" || test ! -s conftest.err
configure:15108: $? = 0
configure:15115: test -s conftest
configure:15118: $? = 0
configure:15132: result: yes
configure:15235: checking for IPv6 support
configure:15269: arm-greenwave-linux-gnueabihf-gcc -o conftest -Os -ffunction-sections -fdata-sections -g   -I/home/jenkins/workspace/48c2527c/output/bhr4/include -isystem /home/jenkins/workspace/48c2527c/output/bhr4/thirdparty-include -march=armv7-a -mcpu=cortex-a9 -mtune=cortex-a9 -mfpu=vfpv3-d16 -mfloat-abi=hard    -Wall -g -L/home/jenkins/workspace/48c2527c/output/bhr4/lib -Wl,-O1 -Wl,--as-needed -Wl,--gc-sections   conftest.c -Wl,-rpath-link=/home/jenkins/workspace/48c2527c/output/bhr4/lib -Wl,-L/home/jenkins/workspace/48c2527c/output/bhr4/lib  >&5
conftest.c: In function 'main':
conftest.c:52:5: warning: statement with no effect [-Wunused-value]
configure:15275: $? = 0
configure:15282: test -z "$ac_c_werror_flag" || test ! -s conftest.err
configure:15285: $? = 0
configure:15292: test -s conftest
configure:15295: $? = 0
configure:15308: result: yes
configure:15321: checking for struct sockaddr_storage
configure:15347: arm-greenwave-linux-gnueabihf-gcc -c -Os -ffunction-sections -fdata-sections -g   -I/home/jenkins/workspace/48c2527c/output/bhr4/include -isystem /home/jenkins/workspace/48c2527c/output/bhr4/thirdparty-include -march=armv7-a -mcpu=cortex-a9 -mtune=cortex-a9 -mfpu=vfpv3-d16 -mfloat-abi=hard    -Wall -g conftest.c >&5
configure:15353: $? = 0
configure:15360: test -z "$ac_c_werror_flag" || test ! -s conftest.err
configure:15363: $? = 0
configure:15370: test -s conftest.o
configure:15373: $? = 0
configure:15390: result: yes
configure:15398: checking for gettimeofday
configure:15454: arm-greenwave-linux-gnueabihf-gcc -o conftest -Os -ffunction-sections -fdata-sections -g   -I/home/jenkins/workspace/48c2527c/output/bhr4/include -isystem /home/jenkins/workspace/48c2527c/output/bhr4/thirdparty-include -march=armv7-a -mcpu=cortex-a9 -mtune=cortex-a9 -mfpu=vfpv3-d16 -mfloat-abi=hard    -Wall -g -L/home/jenkins/workspace/48c2527c/output/bhr4/lib -Wl,-O1 -Wl,--as-needed -Wl,--gc-sections   conftest.c -Wl,-rpath-link=/home/jenkins/workspace/48c2527c/output/bhr4/lib -Wl,-L/home/jenkins/workspace/48c2527c/output/bhr4/lib  >&5
configure:15460: $? = 0
configure:15467: test -z "$ac_c_werror_flag" || test ! -s conftest.err
configure:15470: $? = 0
configure:15477: test -s conftest
configure:15480: $? = 0
configure:15494: result: yes
configure:15505: checking for tm_gmtoff inside struct tm
configure:15529: arm-greenwave-linux-gnueabihf-gcc -c -Os -ffunction-sections -fdata-sections -g   -I/home/jenkins/workspace/48c2527c/output/bhr4/include -isystem /home/jenkins/workspace/48c2527c/output/bhr4/thirdparty-include -march=armv7-a -mcpu=cortex-a9 -mtune=cortex-a9 -mfpu=vfpv3-d16 -mfloat-abi=hard    -Wall -g conftest.c >&5
conftest.c: In function 'main':
conftest.c:49:16: warning: statement with no effect [-Wunused-value]
configure:15535: $? = 0
configure:15542: test -z "$ac_c_werror_flag" || test ! -s conftest.err
configure:15545: $? = 0
configure:15552: test -s conftest.o
configure:15555: $? = 0
configure:15572: result: yes
configure:15575: checking for working POSIX fnmatch
configure:15646: result: cross
configure:15665: checking for setenv
configure:15721: arm-greenwave-linux-gnueabihf-gcc -o conftest -Os -ffunction-sections -fdata-sections -g   -I/home/jenkins/workspace/48c2527c/output/bhr4/include -isystem /home/jenkins/workspace/48c2527c/output/bhr4/thirdparty-include -march=armv7-a -mcpu=cortex-a9 -mtune=cortex-a9 -mfpu=vfpv3-d16 -mfloat-abi=hard    -Wall -g -L/home/jenkins/workspace/48c2527c/output/bhr4/lib -Wl,-O1 -Wl,--as-needed -Wl,--gc-sections   conftest.c -Wl,-rpath-link=/home/jenkins/workspace/48c2527c/output/bhr4/lib -Wl,-L/home/jenkins/workspace/48c2527c/output/bhr4/lib  >&5
configure:15727: $? = 0
configure:15734: test -z "$ac_c_werror_flag" || test ! -s conftest.err
configure:15737: $? = 0
configure:15744: test -s conftest
configure:15747: $? = 0
configure:15761: result: yes
configure:15665: checking for usleep
configure:15721: arm-greenwave-linux-gnueabihf-gcc -o conftest -Os -ffunction-sections -fdata-sections -g   -I/home/jenkins/workspace/48c2527c/output/bhr4/include -isystem /home/jenkins/workspace/48c2527c/output/bhr4/thirdparty-include -march=armv7-a -mcpu=cortex-a9 -mtune=cortex-a9 -mfpu=vfpv3-d16 -mfloat-abi=hard    -Wall -g -L/home/jenkins/workspace/48c2527c/output/bhr4/lib -Wl,-O1 -Wl,--as-needed -Wl,--gc-sections   conftest.c -Wl,-rpath-link=/home/jenkins/workspace/48c2527c/output/bhr4/lib -Wl,-L/home/jenkins/workspace/48c2527c/output/bhr4/lib  >&5
configure:15727: $? = 0
configure:15734: test -z "$ac_c_werror_flag" || test ! -s conftest.err
configure:15737: $? = 0
configure:15744: test -s conftest
configure:15747: $? = 0
configure:15761: result: yes
configure:15665: checking for mkstemp
configure:15721: arm-greenwave-linux-gnueabihf-gcc -o conftest -Os -ffunction-sections -fdata-sections -g   -I/home/jenkins/workspace/48c2527c/output/bhr4/include -isystem /home/jenkins/workspace/48c2527c/output/bhr4/thirdparty-include -march=armv7-a -mcpu=cortex-a9 -mtune=cortex-a9 -mfpu=vfpv3-d16 -mfloat-abi=hard    -Wall -g -L/home/jenkins/workspace/48c2527c/output/bhr4/lib -Wl,-O1 -Wl,--as-needed -Wl,--gc-sections   conftest.c -Wl,-rpath-link=/home/jenkins/workspace/48c2527c/output/bhr4/lib -Wl,-L/home/jenkins/workspace/48c2527c/output/bhr4/lib  >&5
configure:15727: $? = 0
configure:15734: test -z "$ac_c_werror_flag" || test ! -s conftest.err
configure:15737: $? = 0
configure:15744: test -s conftest
configure:15747: $? = 0
configure:15761: result: yes
configure:15665: checking for vsnprintf
configure:15721: arm-greenwave-linux-gnueabihf-gcc -o conftest -Os -ffunction-sections -fdata-sections -g   -I/home/jenkins/workspace/48c2527c/output/bhr4/include -isystem /home/jenkins/workspace/48c2527c/output/bhr4/thirdparty-include -march=armv7-a -mcpu=cortex-a9 -mtune=cortex-a9 -mfpu=vfpv3-d16 -mfloat-abi=hard    -Wall -g -L/home/jenkins/workspace/48c2527c/output/bhr4/lib -Wl,-O1 -Wl,--as-needed -Wl,--gc-sections   conftest.c -Wl,-rpath-link=/home/jenkins/workspace/48c2527c/output/bhr4/lib -Wl,-L/home/jenkins/workspace/48c2527c/output/bhr4/lib  >&5
conftest.c:72:6: warning: conflicting types for built-in function 'vsnprintf' [enabled by default]
configure:15727: $? = 0
configure:15734: test -z "$ac_c_werror_flag" || test ! -s conftest.err
configure:15737: $? = 0
configure:15744: test -s conftest
configure:15747: $? = 0
configure:15761: result: yes
configure:15775: checking for fstatvfs
configure:15831: arm-greenwave-linux-gnueabihf-gcc -o conftest -Os -ffunction-sections -fdata-sections -g   -I/home/jenkins/workspace/48c2527c/output/bhr4/include -isystem /home/jenkins/workspace/48c2527c/output/bhr4/thirdparty-include -march=armv7-a -mcpu=cortex-a9 -mtune=cortex-a9 -mfpu=vfpv3-d16 -mfloat-abi=hard    -Wall -g -L/home/jenkins/workspace/48c2527c/output/bhr4/lib -Wl,-O1 -Wl,--as-needed -Wl,--gc-sections   conftest.c -Wl,-rpath-link=/home/jenkins/workspace/48c2527c/output/bhr4/lib -Wl,-L/home/jenkins/workspace/48c2527c/output/bhr4/lib  >&5
configure:15837: $? = 0
configure:15844: test -z "$ac_c_werror_flag" || test ! -s conftest.err
configure:15847: $? = 0
configure:15854: test -s conftest
configure:15857: $? = 0
configure:15871: result: yes
configure:15992: checking for lstat
configure:16048: arm-greenwave-linux-gnueabihf-gcc -o conftest -Os -ffunction-sections -fdata-sections -g   -I/home/jenkins/workspace/48c2527c/output/bhr4/include -isystem /home/jenkins/workspace/48c2527c/output/bhr4/thirdparty-include -march=armv7-a -mcpu=cortex-a9 -mtune=cortex-a9 -mfpu=vfpv3-d16 -mfloat-abi=hard    -Wall -g -L/home/jenkins/workspace/48c2527c/output/bhr4/lib -Wl,-O1 -Wl,--as-needed -Wl,--gc-sections   conftest.c -Wl,-rpath-link=/home/jenkins/workspace/48c2527c/output/bhr4/lib -Wl,-L/home/jenkins/workspace/48c2527c/output/bhr4/lib  >&5
configure:16054: $? = 0
configure:16061: test -z "$ac_c_werror_flag" || test ! -s conftest.err
configure:16064: $? = 0
configure:16071: test -s conftest
configure:16074: $? = 0
configure:16087: result: yes
configure:16095: checking for flock
configure:16151: arm-greenwave-linux-gnueabihf-gcc -o conftest -Os -ffunction-sections -fdata-sections -g   -I/home/jenkins/workspace/48c2527c/output/bhr4/include -isystem /home/jenkins/workspace/48c2527c/output/bhr4/thirdparty-include -march=armv7-a -mcpu=cortex-a9 -mtune=cortex-a9 -mfpu=vfpv3-d16 -mfloat-abi=hard    -Wall -g -L/home/jenkins/workspace/48c2527c/output/bhr4/lib -Wl,-O1 -Wl,--as-needed -Wl,--gc-sections   conftest.c -Wl,-rpath-link=/home/jenkins/workspace/48c2527c/output/bhr4/lib -Wl,-L/home/jenkins/workspace/48c2527c/output/bhr4/lib  >&5
configure:16157: $? = 0
configure:16164: test -z "$ac_c_werror_flag" || test ! -s conftest.err
configure:16167: $? = 0
configure:16174: test -s conftest
configure:16177: $? = 0
configure:16190: result: yes
configure:16283: checking for tzset
configure:16309: arm-greenwave-linux-gnueabihf-gcc -o conftest -Os -ffunction-sections -fdata-sections -g   -I/home/jenkins/workspace/48c2527c/output/bhr4/include -isystem /home/jenkins/workspace/48c2527c/output/bhr4/thirdparty-include -march=armv7-a -mcpu=cortex-a9 -mtune=cortex-a9 -mfpu=vfpv3-d16 -mfloat-abi=hard    -Wall -g -L/home/jenkins/workspace/48c2527c/output/bhr4/lib -Wl,-O1 -Wl,--as-needed -Wl,--gc-sections   conftest.c -Wl,-rpath-link=/home/jenkins/workspace/48c2527c/output/bhr4/lib -Wl,-L/home/jenkins/workspace/48c2527c/output/bhr4/lib  >&5
configure:16315: $? = 0
configure:16322: test -z "$ac_c_werror_flag" || test ! -s conftest.err
configure:16325: $? = 0
configure:16332: test -s conftest
configure:16335: $? = 0
configure:16347: result: yes
configure:16359: checking h_errno accesibility
configure:16388: arm-greenwave-linux-gnueabihf-gcc -o conftest -Os -ffunction-sections -fdata-sections -g   -I/home/jenkins/workspace/48c2527c/output/bhr4/include -isystem /home/jenkins/workspace/48c2527c/output/bhr4/thirdparty-include -march=armv7-a -mcpu=cortex-a9 -mtune=cortex-a9 -mfpu=vfpv3-d16 -mfloat-abi=hard    -Wall -g -L/home/jenkins/workspace/48c2527c/output/bhr4/lib -Wl,-O1 -Wl,--as-needed -Wl,--gc-sections   conftest.c  -lnsl >&5
configure:16394: $? = 0
configure:16401: test -z "$ac_c_werror_flag" || test ! -s conftest.err
configure:16404: $? = 0
configure:16411: test -s conftest
configure:16414: $? = 0
configure:16427: result: yes
configure:16641: checking for tcgetpgrp
configure:16697: arm-greenwave-linux-gnueabihf-gcc -o conftest -Os -ffunction-sections -fdata-sections -g   -I/home/jenkins/workspace/48c2527c/output/bhr4/include -isystem /home/jenkins/workspace/48c2527c/output/bhr4/thirdparty-include -march=armv7-a -mcpu=cortex-a9 -mtune=cortex-a9 -mfpu=vfpv3-d16 -mfloat-abi=hard    -Wall -g -L/home/jenkins/workspace/48c2527c/output/bhr4/lib -Wl,-O1 -Wl,--as-needed -Wl,--gc-sections   conftest.c -Wl,-rpath-link=/home/jenkins/workspace/48c2527c/output/bhr4/lib -Wl,-L/home/jenkins/workspace/48c2527c/output/bhr4/lib  >&5
configure:16703: $? = 0
configure:16710: test -z "$ac_c_werror_flag" || test ! -s conftest.err
configure:16713: $? = 0
configure:16720: test -s conftest
configure:16723: $? = 0
configure:16736: result: yes
configure:16745: checking whether getpgrp() needs PID parameter
configure:16749: error: cannot run test program while cross compiling
See `config.log' for more details.
configure:16838: checking sys/param.h usability
configure:16855: arm-greenwave-linux-gnueabihf-gcc -c -Os -ffunction-sections -fdata-sections -g   -I/home/jenkins/workspace/48c2527c/output/bhr4/include -isystem /home/jenkins/workspace/48c2527c/output/bhr4/thirdparty-include -march=armv7-a -mcpu=cortex-a9 -mtune=cortex-a9 -mfpu=vfpv3-d16 -mfloat-abi=hard    -Wall -g conftest.c >&5
configure:16861: $? = 0
configure:16868: test -z "$ac_c_werror_flag" || test ! -s conftest.err
configure:16871: $? = 0
configure:16878: test -s conftest.o
configure:16881: $? = 0
configure:16892: result: yes
configure:16896: checking sys/param.h presence
configure:16911: arm-greenwave-linux-gnueabihf-gcc -E -g conftest.c
configure:16917: $? = 0
configure:16938: result: yes
configure:16966: checking for sys/param.h
configure:16974: result: yes
configure:16828: checking for sys/stat.h
configure:16834: result: yes
configure:16838: checking sys/mount.h usability
configure:16855: arm-greenwave-linux-gnueabihf-gcc -c -Os -ffunction-sections -fdata-sections -g   -I/home/jenkins/workspace/48c2527c/output/bhr4/include -isystem /home/jenkins/workspace/48c2527c/output/bhr4/thirdparty-include -march=armv7-a -mcpu=cortex-a9 -mtune=cortex-a9 -mfpu=vfpv3-d16 -mfloat-abi=hard    -Wall -g conftest.c >&5
configure:16861: $? = 0
configure:16868: test -z "$ac_c_werror_flag" || test ! -s conftest.err
configure:16871: $? = 0
configure:16878: test -s conftest.o
configure:16881: $? = 0
configure:16892: result: yes
configure:16896: checking sys/mount.h presence
configure:16911: arm-greenwave-linux-gnueabihf-gcc -E -g conftest.c
configure:16917: $? = 0
configure:16938: result: yes
configure:16966: checking for sys/mount.h
configure:16974: result: yes
configure:16838: checking sys/vfs.h usability
configure:16855: arm-greenwave-linux-gnueabihf-gcc -c -Os -ffunction-sections -fdata-sections -g   -I/home/jenkins/workspace/48c2527c/output/bhr4/include -isystem /home/jenkins/workspace/48c2527c/output/bhr4/thirdparty-include -march=armv7-a -mcpu=cortex-a9 -mtune=cortex-a9 -mfpu=vfpv3-d16 -mfloat-abi=hard    -Wall -g conftest.c >&5
configure:16861: $? = 0
configure:16868: test -z "$ac_c_werror_flag" || test ! -s conftest.err
configure:16871: $? = 0
configure:16878: test -s conftest.o
configure:16881: $? = 0
configure:16892: result: yes
configure:16896: checking sys/vfs.h presence
configure:16911: arm-greenwave-linux-gnueabihf-gcc -E -g conftest.c
configure:16917: $? = 0
configure:16938: result: yes
configure:16966: checking for sys/vfs.h
configure:16974: result: yes
configure:16838: checking sys/statvfs.h usability
configure:16855: arm-greenwave-linux-gnueabihf-gcc -c -Os -ffunction-sections -fdata-sections -g   -I/home/jenkins/workspace/48c2527c/output/bhr4/include -isystem /home/jenkins/workspace/48c2527c/output/bhr4/thirdparty-include -march=armv7-a -mcpu=cortex-a9 -mtune=cortex-a9 -mfpu=vfpv3-d16 -mfloat-abi=hard    -Wall -g conftest.c >&5
configure:16861: $? = 0
configure:16868: test -z "$ac_c_werror_flag" || test ! -s conftest.err
configure:16871: $? = 0
configure:16878: test -s conftest.o
configure:16881: $? = 0
configure:16892: result: yes
configure:16896: checking sys/statvfs.h presence
configure:16911: arm-greenwave-linux-gnueabihf-gcc -E -g conftest.c
configure:16917: $? = 0
configure:16938: result: yes
configure:16966: checking for sys/statvfs.h
configure:16974: result: yes
configure:16838: checking sys/statfs.h usability
configure:16855: arm-greenwave-linux-gnueabihf-gcc -c -Os -ffunction-sections -fdata-sections -g   -I/home/jenkins/workspace/48c2527c/output/bhr4/include -isystem /home/jenkins/workspace/48c2527c/output/bhr4/thirdparty-include -march=armv7-a -mcpu=cortex-a9 -mtune=cortex-a9 -mfpu=vfpv3-d16 -mfloat-abi=hard    -Wall -g conftest.c >&5
configure:16861: $? = 0
configure:16868: test -z "$ac_c_werror_flag" || test ! -s conftest.err
configure:16871: $? = 0
configure:16878: test -s conftest.o
configure:16881: $? = 0
configure:16892: result: yes
configure:16896: checking sys/statfs.h presence
configure:16911: arm-greenwave-linux-gnueabihf-gcc -E -g conftest.c
configure:16917: $? = 0
configure:16938: result: yes
configure:16966: checking for sys/statfs.h
configure:16974: result: yes
configure:16838: checking arpa/inet.h usability
configure:16855: arm-greenwave-linux-gnueabihf-gcc -c -Os -ffunction-sections -fdata-sections -g   -I/home/jenkins/workspace/48c2527c/output/bhr4/include -isystem /home/jenkins/workspace/48c2527c/output/bhr4/thirdparty-include -march=armv7-a -mcpu=cortex-a9 -mtune=cortex-a9 -mfpu=vfpv3-d16 -mfloat-abi=hard    -Wall -g conftest.c >&5
configure:16861: $? = 0
configure:16868: test -z "$ac_c_werror_flag" || test ! -s conftest.err
configure:16871: $? = 0
configure:16878: test -s conftest.o
configure:16881: $? = 0
configure:16892: result: yes
configure:16896: checking arpa/inet.h presence
configure:16911: arm-greenwave-linux-gnueabihf-gcc -E -g conftest.c
configure:16917: $? = 0
configure:16938: result: yes
configure:16966: checking for arpa/inet.h
configure:16974: result: yes
configure:16989: checking for dprintf in -lc
configure:17024: arm-greenwave-linux-gnueabihf-gcc -o conftest -Os -ffunction-sections -fdata-sections -g   -I/home/jenkins/workspace/48c2527c/output/bhr4/include -isystem /home/jenkins/workspace/48c2527c/output/bhr4/thirdparty-include -march=armv7-a -mcpu=cortex-a9 -mtune=cortex-a9 -mfpu=vfpv3-d16 -mfloat-abi=hard    -Wall -g -L/home/jenkins/workspace/48c2527c/output/bhr4/lib -Wl,-O1 -Wl,--as-needed -Wl,--gc-sections   conftest.c -lc  -Wl,-rpath-link=/home/jenkins/workspace/48c2527c/output/bhr4/lib -Wl,-L/home/jenkins/workspace/48c2527c/output/bhr4/lib  >&5
configure:17030: $? = 0
configure:17037: test -z "$ac_c_werror_flag" || test ! -s conftest.err
configure:17040: $? = 0
configure:17047: test -s conftest
configure:17050: $? = 0
configure:17064: result: yes
configure:17222: creating ./config.status

## ---------------------- ##
## Running config.status. ##
## ---------------------- ##

This file was extended by pavuk config.status 0.9.35, which was
generated by GNU Autoconf 2.60.  Invocation command line was

  CONFIG_FILES    = 
  CONFIG_HEADERS  = 
  CONFIG_LINKS    = 
  CONFIG_COMMANDS = 
  $ ./config.status 

on jenkins-node-01

config.status:671: creating Makefile
config.status:671: creating src/Makefile
config.status:671: creating icons/Makefile
config.status:671: creating man/Makefile
config.status:671: creating po/Makefile
config.status:671: creating man/pavuk.1
config.status:671: creating ac-config.h
config.status:988: executing depfiles commands

## ---------------- ##
## Cache variables. ##
## ---------------- ##

ac_cv_build=x86_64-unknown-linux-gnu
ac_cv_c_bigendian=no
ac_cv_c_compiler_gnu=yes
ac_cv_env_CC_set=set
ac_cv_env_CC_value=arm-greenwave-linux-gnueabihf-gcc
ac_cv_env_CFLAGS_set=set
ac_cv_env_CFLAGS_value='-Os -ffunction-sections -fdata-sections -g   -I/home/jenkins/workspace/48c2527c/output/bhr4/include -isystem /home/jenkins/workspace/48c2527c/output/bhr4/thirdparty-include -march=armv7-a -mcpu=cortex-a9 -mtune=cortex-a9 -mfpu=vfpv3-d16 -mfloat-abi=hard  '
ac_cv_env_CPPFLAGS_set=set
ac_cv_env_CPPFLAGS_value=-g
ac_cv_env_CPP_set=
ac_cv_env_CPP_value=
ac_cv_env_LDFLAGS_set=set
ac_cv_env_LDFLAGS_value='-L/home/jenkins/workspace/48c2527c/output/bhr4/lib -Wl,-O1 -Wl,--as-needed -Wl,--gc-sections  '
ac_cv_env_XMKMF_set=
ac_cv_env_XMKMF_value=
ac_cv_env_build_alias_set=
ac_cv_env_build_alias_value=
ac_cv_env_host_alias_set=set
ac_cv_env_host_alias_value=arm-greenwave-linux-gnueabihf
ac_cv_env_target_alias_set=set
ac_cv_env_target_alias_value=arm-greenwave-linux-gnueabihf
ac_cv_func_flock=yes
ac_cv_func_fnmatch_works=cross
ac_cv_func_freeaddrinfo=yes
ac_cv_func_fstatvfs=yes
ac_cv_func_gai_strerror=yes
ac_cv_func_getaddrinfo=yes
ac_cv_func_gettimeofday=yes
ac_cv_func_inet_ntop=yes
ac_cv_func_inet_pton=yes
ac_cv_func_lstat=yes
ac_cv_func_mkstemp=yes
ac_cv_func_setenv=yes
ac_cv_func_tcgetpgrp=yes
ac_cv_func_usleep=yes
ac_cv_func_vsnprintf=yes
ac_cv_have_x=have_x=no
ac_cv_header_arpa_inet_h=yes
ac_cv_header_db1_db_h=no
ac_cv_header_inttypes_h=yes
ac_cv_header_jsapi_h=no
ac_cv_header_memory_h=yes
ac_cv_header_openssl_ssl_h=yes
ac_cv_header_regex_h=yes
ac_cv_header_socks_h=no
ac_cv_header_ssl_h=no
ac_cv_header_stdc=yes
ac_cv_header_stdint_h=yes
ac_cv_header_stdlib_h=yes
ac_cv_header_string_h=yes
ac_cv_header_strings_h=yes
ac_cv_header_sys_mount_h=yes
ac_cv_header_sys_param_h=yes
ac_cv_header_sys_stat_h=yes
ac_cv_header_sys_statfs_h=yes
ac_cv_header_sys_statvfs_h=yes
ac_cv_header_sys_types_h=yes
ac_cv_header_sys_vfs_h=yes
ac_cv_header_unistd_h=yes
ac_cv_header_zlib_h=yes
ac_cv_host=arm-greenwave-linux-gnueabihf
ac_cv_lib_c_dprintf=yes
ac_cv_lib_crypto_MD4_Init=yes
ac_cv_lib_crypto_RAND_egd=yes
ac_cv_lib_crypto_SSLeay=yes
ac_cv_lib_nsl_gethostname=yes
ac_cv_lib_regex_regcomp=no
ac_cv_lib_socket_socket=no
ac_cv_lib_socks5_SOCKSinit=no
ac_cv_lib_socks_Rconnect=no
ac_cv_lib_ssl_SSLv23_client_method=yes
ac_cv_lib_ssl_TLSv1_client_method=yes
ac_cv_lib_z_gzopen=yes
ac_cv_objext=o
ac_cv_path_AT=/usr/bin/at
ac_cv_path_EGREP='/bin/grep -E'
ac_cv_path_GREP=/bin/grep
ac_cv_path_GZIP=/bin/gzip
ac_cv_path_install='/usr/bin/install -c'
ac_cv_prog_AWK=gawk
ac_cv_prog_CC=arm-greenwave-linux-gnueabihf-gcc
ac_cv_prog_CPP='arm-greenwave-linux-gnueabihf-gcc -E'
ac_cv_prog_RANLIB=arm-greenwave-linux-gnueabihf-ranlib
ac_cv_prog_STRIP=arm-greenwave-linux-gnueabihf-strip
ac_cv_prog_cc_c89=
ac_cv_prog_cc_g=yes
ac_cv_prog_make_make_set=yes
ac_cv_sys_long_file_names=yes
ac_cv_type_ssize_t=yes
am_cv_CC_dependencies_compiler_type=gcc3

## ----------------- ##
## Output variables. ##
## ----------------- ##

ACLOCAL='${SHELL} /home/jenkins/workspace/48c2527c/output/bhr4/pavuk-0.9.35/missing --run aclocal-1.9'
AMDEPBACKSLASH='\'
AMDEP_FALSE='#'
AMDEP_TRUE=''
AMTAR='${SHELL} /home/jenkins/workspace/48c2527c/output/bhr4/pavuk-0.9.35/missing --run tar'
AT='/usr/bin/at'
AUTOCONF='${SHELL} /home/jenkins/workspace/48c2527c/output/bhr4/pavuk-0.9.35/missing --run autoconf'
AUTOHEADER='${SHELL} /home/jenkins/workspace/48c2527c/output/bhr4/pavuk-0.9.35/missing --run autoheader'
AUTOMAKE='${SHELL} /home/jenkins/workspace/48c2527c/output/bhr4/pavuk-0.9.35/missing --run automake-1.9'
AWK='gawk'
CC='arm-greenwave-linux-gnueabihf-gcc'
CCDEPMODE='depmode=gcc3'
CFLAGS=''
CPP='arm-greenwave-linux-gnueabihf-gcc -E'
CPPFLAGS='-g'
CYGPATH_W='echo'
DEFS='-DHAVE_CONFIG_H'
DEPDIR='.deps'
DEPS=''
ECHO_C=''
ECHO_N='-n'
ECHO_T=''
EGREP='/bin/grep -E'
EXEEXT=''
GNOME_CONFIG=''
GNOME_PREFIX=''
GREP='/bin/grep'
GTK_CONFIG2=''
GTK_CONFIG=''
GZIP='/bin/gzip'
ICONV=''
INSTALL_DATA='${INSTALL} -m 644'
INSTALL_PROGRAM='${INSTALL}'
INSTALL_SCRIPT='${INSTALL}'
INSTALL_STRIP_PROGRAM='${SHELL} $(install_sh) -c -s'
LDFLAGS='-L/home/jenkins/workspace/48c2527c/output/bhr4/lib -Wl,-O1 -Wl,--as-needed -Wl,--gc-sections  '
LIBGCRYPT_CONFIG=''
LIBOBJS=''
LIBS='-Wl,-rpath-link=/home/jenkins/workspace/48c2527c/output/bhr4/lib -Wl,-L/home/jenkins/workspace/48c2527c/output/bhr4/lib '
LTLIBOBJS=''
MAKEINFO='${SHELL} /home/jenkins/workspace/48c2527c/output/bhr4/pavuk-0.9.35/missing --run makeinfo'
MSGFMT=''
MSGFMTSTATS=''
MSUBDIRS=''
NSPR_CONFIG=''
NWSMAKEFILE=''
OBJEXT='o'
PACKAGE='pavuk'
PACKAGE_BUGREPORT=''
PACKAGE_NAME='pavuk'
PACKAGE_STRING='pavuk 0.9.35'
PACKAGE_TARNAME='pavuk'
PACKAGE_VERSION='0.9.35'
PATH_SEPARATOR=':'
PAVUK_ALLMO=''
PAVUK_ALLPO=''
PAVUK_LANG=''
PAVUK_MO=''
PAVUK_PO=''
PAVUK_POX=''
PAVUK_UMO=''
PAVUK_UPO=''
PAVUK_UTFMODE='mo'
PCRE_CONFIG=''
PKG_CONFIG=''
RANLIB='arm-greenwave-linux-gnueabihf-ranlib'
REVISION='2016-12-02T00:38'
SET_MAKE=''
SHELL='/bin/sh'
STRIP='arm-greenwave-linux-gnueabihf-strip'
VERSION='0.9.35'
WINDRES=''
XMKMF=''
X_CFLAGS=''
X_EXTRA_LIBS=''
X_LIBS='  -lnsl'
X_PRE_LIBS=''
ac_ct_CC=''
am__fastdepCC_FALSE='#'
am__fastdepCC_TRUE=''
am__include='include'
am__leading_dot='.'
am__quote=''
am__tar='${AMTAR} chof - "$$tardir"'
am__untar='${AMTAR} xf -'
bindir='${exec_prefix}/bin'
build='x86_64-unknown-linux-gnu'
build_alias=''
build_cpu='x86_64'
build_os='linux-gnu'
build_vendor='unknown'
datadir='${datarootdir}'
datarootdir='${prefix}/share'
docdir='${datarootdir}/doc/${PACKAGE_TARNAME}'
dvidir='${docdir}'
exec_prefix='${prefix}'
host='arm-greenwave-linux-gnueabihf'
host_alias='arm-greenwave-linux-gnueabihf'
host_cpu='arm'
host_os='linux-gnueabihf'
host_vendor='greenwave'
htmldir='${docdir}'
includedir='${prefix}/include'
infodir='${datarootdir}/info'
install_sh='/home/jenkins/workspace/48c2527c/output/bhr4/pavuk-0.9.35/install-sh'
libdir='${exec_prefix}/lib'
libexecdir='${exec_prefix}/libexec'
localedir='${datarootdir}/locale'
localstatedir='${prefix}/var'
mandir='${datarootdir}/man'
mkdir_p='mkdir -p --'
oldincludedir='/usr/include'
pdfdir='${docdir}'
prefix=''
program_transform_name='s,x,x,'
psdir='${docdir}'
sbindir='${exec_prefix}/sbin'
sharedstatedir='${prefix}/com'
sysconfdir='${prefix}/etc'
target_alias='arm-greenwave-linux-gnueabihf'
x_cflags='-Os -ffunction-sections -fdata-sections -g   -I/home/jenkins/workspace/48c2527c/output/bhr4/include -isystem /home/jenkins/workspace/48c2527c/output/bhr4/thirdparty-include -march=armv7-a -mcpu=cortex-a9 -mtune=cortex-a9 -mfpu=vfpv3-d16 -mfloat-abi=hard    -Wall '
x_libs='-L/home/jenkins/workspace/48c2527c/output/bhr4/lib -Wl,-O1 -Wl,--as-needed -Wl,--gc-sections     -lssl -lcrypto -lz   -lnsl'

## ----------- ##
## confdefs.h. ##
## ----------- ##

#define PACKAGE_NAME "pavuk"
#define PACKAGE_TARNAME "pavuk"
#define PACKAGE_VERSION "0.9.35"
#define PACKAGE_STRING "pavuk 0.9.35"
#define PACKAGE_BUGREPORT ""
#define PACKAGE "pavuk"
#define VERSION "0.9.35"
#define REVISION "2016-12-02T00:38"
#define DEBUG 1
#define HOSTTYPE "linux-gnueabihf"
#define STDC_HEADERS 1
#define X_DISPLAY_MISSING 1
#define HAVE_LONG_FILE_NAMES 1
#define HAVE_SYS_TYPES_H 1
#define HAVE_SYS_STAT_H 1
#define HAVE_STDLIB_H 1
#define HAVE_STRING_H 1
#define HAVE_MEMORY_H 1
#define HAVE_STRINGS_H 1
#define HAVE_INTTYPES_H 1
#define HAVE_STDINT_H 1
#define HAVE_UNISTD_H 1
#define USE_SSL 1
#define USE_SSL_IMPL_OPENSSL 1
#define OPENSSL 1
#define WITH_SSL_TLS1 1
#define HAVE_RAND_EGD 1
#define HAVE_OPENSSL_MD4 1
#define ENABLE_NTLM 1
#define HAVE_REGEX_H 1
#define HAVE_REGEX 1
#define HAVE_POSIX_REGEX 1
#define HAVE_ZLIB_H 1
#define HAVE_ZLIB 1
#define HAVE_INET_PTON 1
#define HAVE_INET_NTOP 1
#define HAVE_GETADDRINFO 1
#define HAVE_FREEADDRINFO 1
#define HAVE_GAI_STRERROR 1
#define HAVE_INET6 1
#define HAVE_SOCKADDR_STORAGE 1
#define HAVE_GETTIMEOFDAY 1
#define HAVE_GMTOFF 1
#define HAVE_SETENV 1
#define HAVE_USLEEP 1
#define HAVE_MKSTEMP 1
#define HAVE_VSNPRINTF 1
#define HAVE_FSTATVFS 1
#define HAVE_FLOCK 1
#define HAVE_TZSET 1
#define DLLISTTYPE void *
#define HAVE_TERMIOS 1
#define HAVE_SYS_PARAM_H 1
#define HAVE_SYS_STAT_H 1
#define HAVE_SYS_MOUNT_H 1
#define HAVE_SYS_VFS_H 1
#define HAVE_SYS_STATVFS_H 1
#define HAVE_SYS_STATFS_H 1
#define HAVE_ARPA_INET_H 1
#define HAVE_DPRINTF 1

configure: exit 0
